[19-01-2019 03:18:12] PayPal\Core\PayPalHttpConnection : INFO: POST https://api.sandbox.paypal.com/v1/oauth2/token
[19-01-2019 03:18:13] PayPal\Core\PayPalHttpConnection : INFO: Invalid or no certificate authority found - Retrying using bundled CA certs file
[19-01-2019 03:18:13] PayPal\Core\PayPalHttpConnection : INFO: Response Status 	: 200
[19-01-2019 03:18:13] PayPal\Core\PayPalHttpConnection : INFO: POST https://api.sandbox.paypal.com/v1/payments/payment
[19-01-2019 03:18:14] PayPal\Core\PayPalHttpConnection : INFO: Invalid or no certificate authority found - Retrying using bundled CA certs file
[19-01-2019 03:18:14] PayPal\Core\PayPalHttpConnection : INFO: Response Status 	: 400
[19-01-2019 03:18:14] PayPal\Core\PayPalHttpConnection : ERROR: Got Http response code 400 when accessing https://api.sandbox.paypal.com/v1/payments/payment. {"name":"VALIDATION_ERROR","details":[{"field":"transactions[0].item_list.items[0].price","issue":"Required field missing"},{"field":"transactions[0].item_list.items[1].price","issue":"Required field missing"}],"message":"Invalid request - see details","information_link":"https://developer.paypal.com/docs/api/payments/#errors","debug_id":"c256ab1f0d24"}
[19-01-2019 03:24:09] PayPal\Core\PayPalHttpConnection : INFO: POST https://api.sandbox.paypal.com/v1/oauth2/token
[19-01-2019 03:24:09] PayPal\Core\PayPalHttpConnection : INFO: Invalid or no certificate authority found - Retrying using bundled CA certs file
[19-01-2019 03:24:10] PayPal\Core\PayPalHttpConnection : INFO: Response Status 	: 200
[19-01-2019 03:24:11] PayPal\Core\PayPalHttpConnection : INFO: POST https://api.sandbox.paypal.com/v1/payments/payment
[19-01-2019 03:24:11] PayPal\Core\PayPalHttpConnection : INFO: Invalid or no certificate authority found - Retrying using bundled CA certs file
[19-01-2019 03:24:12] PayPal\Core\PayPalHttpConnection : INFO: Response Status 	: 400
[19-01-2019 03:24:12] PayPal\Core\PayPalHttpConnection : ERROR: Got Http response code 400 when accessing https://api.sandbox.paypal.com/v1/payments/payment. {"name":"VALIDATION_ERROR","details":[{"field":"transactions[0].item_list.items[1].price","issue":"Required field missing"},{"field":"transactions[0].item_list.items[0].price","issue":"Required field missing"}],"message":"Invalid request - see details","information_link":"https://developer.paypal.com/docs/api/payments/#errors","debug_id":"488d19bb8d6d0"}
[19-01-2019 04:16:10] PayPal\Core\PayPalHttpConnection : INFO: POST https://api.sandbox.paypal.com/v1/oauth2/token
[19-01-2019 04:16:11] PayPal\Core\PayPalHttpConnection : INFO: Invalid or no certificate authority found - Retrying using bundled CA certs file
[19-01-2019 04:16:12] PayPal\Core\PayPalHttpConnection : INFO: Response Status 	: 200
[19-01-2019 04:16:12] PayPal\Core\PayPalHttpConnection : INFO: POST https://api.sandbox.paypal.com/v1/payments/payment
[19-01-2019 04:16:12] PayPal\Core\PayPalHttpConnection : INFO: Invalid or no certificate authority found - Retrying using bundled CA certs file
[19-01-2019 04:16:14] PayPal\Core\PayPalHttpConnection : INFO: Response Status 	: 201
[19-01-2019 04:16:30] PayPal\Core\PayPalHttpConnection : INFO: POST https://api.sandbox.paypal.com/v1/oauth2/token
[19-01-2019 04:16:30] PayPal\Core\PayPalHttpConnection : INFO: Invalid or no certificate authority found - Retrying using bundled CA certs file
[19-01-2019 04:16:31] PayPal\Core\PayPalHttpConnection : INFO: Response Status 	: 200
[19-01-2019 04:16:31] PayPal\Core\PayPalHttpConnection : INFO: POST https://api.sandbox.paypal.com/v1/payments/payment
[19-01-2019 04:16:31] PayPal\Core\PayPalHttpConnection : INFO: Invalid or no certificate authority found - Retrying using bundled CA certs file
[19-01-2019 04:16:33] PayPal\Core\PayPalHttpConnection : INFO: Response Status 	: 201
[19-01-2019 04:38:16] PayPal\Core\PayPalHttpConnection : INFO: POST https://api.sandbox.paypal.com/v1/oauth2/token
[19-01-2019 04:38:16] PayPal\Core\PayPalHttpConnection : INFO: Invalid or no certificate authority found - Retrying using bundled CA certs file
[19-01-2019 04:38:17] PayPal\Core\PayPalHttpConnection : INFO: Response Status 	: 200
[19-01-2019 04:38:17] PayPal\Core\PayPalHttpConnection : INFO: POST https://api.sandbox.paypal.com/v1/payments/payment
[19-01-2019 04:38:17] PayPal\Core\PayPalHttpConnection : INFO: Invalid or no certificate authority found - Retrying using bundled CA certs file
[19-01-2019 04:38:19] PayPal\Core\PayPalHttpConnection : INFO: Response Status 	: 201
[19-01-2019 04:42:33] PayPal\Core\PayPalHttpConnection : INFO: POST https://api.sandbox.paypal.com/v1/oauth2/token
[19-01-2019 04:42:34] PayPal\Core\PayPalHttpConnection : INFO: Invalid or no certificate authority found - Retrying using bundled CA certs file
[19-01-2019 04:42:34] PayPal\Core\PayPalHttpConnection : INFO: Response Status 	: 200
[19-01-2019 04:42:34] PayPal\Core\PayPalHttpConnection : INFO: POST https://api.sandbox.paypal.com/v1/payments/payment
[19-01-2019 04:42:34] PayPal\Core\PayPalHttpConnection : INFO: Invalid or no certificate authority found - Retrying using bundled CA certs file
[19-01-2019 04:42:36] PayPal\Core\PayPalHttpConnection : INFO: Response Status 	: 201
[19-01-2019 04:44:23] PayPal\Core\PayPalHttpConnection : INFO: POST https://api.sandbox.paypal.com/v1/oauth2/token
[19-01-2019 04:44:23] PayPal\Core\PayPalHttpConnection : INFO: Invalid or no certificate authority found - Retrying using bundled CA certs file
[19-01-2019 04:44:24] PayPal\Core\PayPalHttpConnection : INFO: Response Status 	: 200
[19-01-2019 04:44:24] PayPal\Core\PayPalHttpConnection : INFO: GET https://api.sandbox.paypal.com/v1/payments/payment/PAY-4YT8721437881530ALRB2PUY
[19-01-2019 04:44:24] PayPal\Core\PayPalHttpConnection : INFO: Invalid or no certificate authority found - Retrying using bundled CA certs file
[19-01-2019 04:44:25] PayPal\Core\PayPalHttpConnection : INFO: Response Status 	: 200
[19-01-2019 04:44:26] PayPal\Core\PayPalHttpConnection : INFO: POST https://api.sandbox.paypal.com/v1/payments/payment/PAY-4YT8721437881530ALRB2PUY/execute
[19-01-2019 04:44:26] PayPal\Core\PayPalHttpConnection : INFO: Invalid or no certificate authority found - Retrying using bundled CA certs file
[19-01-2019 04:44:27] PayPal\Core\PayPalHttpConnection : INFO: Response Status 	: 200
[19-01-2019 11:20:53] PayPal\Core\PayPalHttpConnection : INFO: POST https://api.sandbox.paypal.com/v1/oauth2/token
[19-01-2019 11:20:54] PayPal\Core\PayPalHttpConnection : INFO: Invalid or no certificate authority found - Retrying using bundled CA certs file
[19-01-2019 11:20:55] PayPal\Core\PayPalHttpConnection : INFO: Response Status 	: 200
[19-01-2019 11:20:55] PayPal\Core\PayPalHttpConnection : INFO: POST https://api.sandbox.paypal.com/v1/payments/payment
[19-01-2019 11:20:56] PayPal\Core\PayPalHttpConnection : INFO: Invalid or no certificate authority found - Retrying using bundled CA certs file
[19-01-2019 11:20:57] PayPal\Core\PayPalHttpConnection : INFO: Response Status 	: 201
[19-01-2019 11:24:39] PayPal\Core\PayPalHttpConnection : INFO: POST https://api.sandbox.paypal.com/v1/oauth2/token
[19-01-2019 11:24:39] PayPal\Core\PayPalHttpConnection : INFO: Invalid or no certificate authority found - Retrying using bundled CA certs file
[19-01-2019 11:24:40] PayPal\Core\PayPalHttpConnection : INFO: Response Status 	: 200
[19-01-2019 11:24:40] PayPal\Core\PayPalHttpConnection : INFO: GET https://api.sandbox.paypal.com/v1/payments/payment/PAY-8RK52404M0906832VLRCAKOI
[19-01-2019 11:24:40] PayPal\Core\PayPalHttpConnection : INFO: Invalid or no certificate authority found - Retrying using bundled CA certs file
[19-01-2019 11:24:41] PayPal\Core\PayPalHttpConnection : INFO: Response Status 	: 200
[19-01-2019 11:24:41] PayPal\Core\PayPalHttpConnection : INFO: POST https://api.sandbox.paypal.com/v1/payments/payment/PAY-8RK52404M0906832VLRCAKOI/execute
[19-01-2019 11:24:41] PayPal\Core\PayPalHttpConnection : INFO: Invalid or no certificate authority found - Retrying using bundled CA certs file
[19-01-2019 11:24:43] PayPal\Core\PayPalHttpConnection : INFO: Response Status 	: 200
[19-01-2019 11:25:11] PayPal\Core\PayPalHttpConnection : INFO: POST https://api.sandbox.paypal.com/v1/oauth2/token
[19-01-2019 11:25:12] PayPal\Core\PayPalHttpConnection : INFO: Invalid or no certificate authority found - Retrying using bundled CA certs file
[19-01-2019 11:25:12] PayPal\Core\PayPalHttpConnection : INFO: Response Status 	: 200
[19-01-2019 11:25:12] PayPal\Core\PayPalHttpConnection : INFO: GET https://api.sandbox.paypal.com/v1/payments/payment/PAY-8RK52404M0906832VLRCAKOI
[19-01-2019 11:25:12] PayPal\Core\PayPalHttpConnection : INFO: Invalid or no certificate authority found - Retrying using bundled CA certs file
[19-01-2019 11:25:13] PayPal\Core\PayPalHttpConnection : INFO: Response Status 	: 200
[19-01-2019 11:25:13] PayPal\Core\PayPalHttpConnection : INFO: POST https://api.sandbox.paypal.com/v1/payments/payment/PAY-8RK52404M0906832VLRCAKOI/execute
[19-01-2019 11:25:14] PayPal\Core\PayPalHttpConnection : INFO: Invalid or no certificate authority found - Retrying using bundled CA certs file
[19-01-2019 11:25:14] PayPal\Core\PayPalHttpConnection : INFO: Response Status 	: 400
[19-01-2019 11:25:14] PayPal\Core\PayPalHttpConnection : ERROR: Got Http response code 400 when accessing https://api.sandbox.paypal.com/v1/payments/payment/PAY-8RK52404M0906832VLRCAKOI/execute. {"name":"PAYMENT_ALREADY_DONE","message":"Payment has been done already for this cart.","information_link":"https://developer.paypal.com/docs/api/payments/#errors","debug_id":"c521adc4e7db0"}
[19-01-2019 11:26:00] PayPal\Core\PayPalHttpConnection : INFO: POST https://api.sandbox.paypal.com/v1/oauth2/token
[19-01-2019 11:26:00] PayPal\Core\PayPalHttpConnection : INFO: Invalid or no certificate authority found - Retrying using bundled CA certs file
[19-01-2019 11:26:01] PayPal\Core\PayPalHttpConnection : INFO: Response Status 	: 200
[19-01-2019 11:26:01] PayPal\Core\PayPalHttpConnection : INFO: GET https://api.sandbox.paypal.com/v1/payments/payment/PAY-8RK52404M0906832VLRCAKOI
[19-01-2019 11:26:01] PayPal\Core\PayPalHttpConnection : INFO: Invalid or no certificate authority found - Retrying using bundled CA certs file
[19-01-2019 11:26:02] PayPal\Core\PayPalHttpConnection : INFO: Response Status 	: 200
[19-01-2019 11:26:02] PayPal\Core\PayPalHttpConnection : INFO: POST https://api.sandbox.paypal.com/v1/payments/payment/PAY-8RK52404M0906832VLRCAKOI/execute
[19-01-2019 11:26:02] PayPal\Core\PayPalHttpConnection : INFO: Invalid or no certificate authority found - Retrying using bundled CA certs file
[19-01-2019 11:26:03] PayPal\Core\PayPalHttpConnection : INFO: Response Status 	: 400
[19-01-2019 11:26:03] PayPal\Core\PayPalHttpConnection : ERROR: Got Http response code 400 when accessing https://api.sandbox.paypal.com/v1/payments/payment/PAY-8RK52404M0906832VLRCAKOI/execute. {"name":"PAYMENT_ALREADY_DONE","message":"Payment has been done already for this cart.","information_link":"https://developer.paypal.com/docs/api/payments/#errors","debug_id":"c791ccf1c0cdd"}
[19-01-2019 11:26:59] PayPal\Core\PayPalHttpConnection : INFO: POST https://api.sandbox.paypal.com/v1/oauth2/token
[19-01-2019 11:26:59] PayPal\Core\PayPalHttpConnection : INFO: Invalid or no certificate authority found - Retrying using bundled CA certs file
[19-01-2019 11:26:59] PayPal\Core\PayPalHttpConnection : INFO: Response Status 	: 200
[19-01-2019 11:26:59] PayPal\Core\PayPalHttpConnection : INFO: POST https://api.sandbox.paypal.com/v1/payments/payment
[19-01-2019 11:27:00] PayPal\Core\PayPalHttpConnection : INFO: Invalid or no certificate authority found - Retrying using bundled CA certs file
[19-01-2019 11:27:01] PayPal\Core\PayPalHttpConnection : INFO: Response Status 	: 201
[19-01-2019 11:27:17] PayPal\Core\PayPalHttpConnection : INFO: POST https://api.sandbox.paypal.com/v1/oauth2/token
[19-01-2019 11:27:18] PayPal\Core\PayPalHttpConnection : INFO: Invalid or no certificate authority found - Retrying using bundled CA certs file
[19-01-2019 11:27:18] PayPal\Core\PayPalHttpConnection : INFO: Response Status 	: 200
[19-01-2019 11:27:18] PayPal\Core\PayPalHttpConnection : INFO: GET https://api.sandbox.paypal.com/v1/payments/payment/PAY-3UK216569R895173RLRCANJI
[19-01-2019 11:27:18] PayPal\Core\PayPalHttpConnection : INFO: Invalid or no certificate authority found - Retrying using bundled CA certs file
[19-01-2019 11:27:19] PayPal\Core\PayPalHttpConnection : INFO: Response Status 	: 200
[19-01-2019 11:27:19] PayPal\Core\PayPalHttpConnection : INFO: POST https://api.sandbox.paypal.com/v1/payments/payment/PAY-3UK216569R895173RLRCANJI/execute
[19-01-2019 11:27:19] PayPal\Core\PayPalHttpConnection : INFO: Invalid or no certificate authority found - Retrying using bundled CA certs file
[19-01-2019 11:27:21] PayPal\Core\PayPalHttpConnection : INFO: Response Status 	: 200
[19-01-2019 11:29:08] PayPal\Core\PayPalHttpConnection : INFO: POST https://api.sandbox.paypal.com/v1/oauth2/token
[19-01-2019 11:29:08] PayPal\Core\PayPalHttpConnection : INFO: Invalid or no certificate authority found - Retrying using bundled CA certs file
[19-01-2019 11:29:09] PayPal\Core\PayPalHttpConnection : INFO: Response Status 	: 200
[19-01-2019 11:29:09] PayPal\Core\PayPalHttpConnection : INFO: GET https://api.sandbox.paypal.com/v1/payments/payment/PAY-3UK216569R895173RLRCANJI
[19-01-2019 11:29:09] PayPal\Core\PayPalHttpConnection : INFO: Invalid or no certificate authority found - Retrying using bundled CA certs file
[19-01-2019 11:29:10] PayPal\Core\PayPalHttpConnection : INFO: Response Status 	: 200
[19-01-2019 11:29:10] PayPal\Core\PayPalHttpConnection : INFO: POST https://api.sandbox.paypal.com/v1/payments/payment/PAY-3UK216569R895173RLRCANJI/execute
[19-01-2019 11:29:10] PayPal\Core\PayPalHttpConnection : INFO: Invalid or no certificate authority found - Retrying using bundled CA certs file
[19-01-2019 11:29:11] PayPal\Core\PayPalHttpConnection : INFO: Response Status 	: 400
[19-01-2019 11:29:11] PayPal\Core\PayPalHttpConnection : ERROR: Got Http response code 400 when accessing https://api.sandbox.paypal.com/v1/payments/payment/PAY-3UK216569R895173RLRCANJI/execute. {"name":"PAYMENT_ALREADY_DONE","message":"Payment has been done already for this cart.","information_link":"https://developer.paypal.com/docs/api/payments/#errors","debug_id":"727c80bb7e469"}
[19-01-2019 11:29:38] PayPal\Core\PayPalHttpConnection : INFO: POST https://api.sandbox.paypal.com/v1/oauth2/token
[19-01-2019 11:29:38] PayPal\Core\PayPalHttpConnection : INFO: Invalid or no certificate authority found - Retrying using bundled CA certs file
[19-01-2019 11:29:38] PayPal\Core\PayPalHttpConnection : INFO: Response Status 	: 200
[19-01-2019 11:29:38] PayPal\Core\PayPalHttpConnection : INFO: GET https://api.sandbox.paypal.com/v1/payments/payment/PAY-3UK216569R895173RLRCANJI
[19-01-2019 11:29:39] PayPal\Core\PayPalHttpConnection : INFO: Invalid or no certificate authority found - Retrying using bundled CA certs file
[19-01-2019 11:29:40] PayPal\Core\PayPalHttpConnection : INFO: Response Status 	: 200
[19-01-2019 11:29:40] PayPal\Core\PayPalHttpConnection : INFO: POST https://api.sandbox.paypal.com/v1/payments/payment/PAY-3UK216569R895173RLRCANJI/execute
[19-01-2019 11:29:40] PayPal\Core\PayPalHttpConnection : INFO: Invalid or no certificate authority found - Retrying using bundled CA certs file
[19-01-2019 11:29:41] PayPal\Core\PayPalHttpConnection : INFO: Response Status 	: 400
[19-01-2019 11:29:41] PayPal\Core\PayPalHttpConnection : ERROR: Got Http response code 400 when accessing https://api.sandbox.paypal.com/v1/payments/payment/PAY-3UK216569R895173RLRCANJI/execute. {"name":"PAYMENT_ALREADY_DONE","message":"Payment has been done already for this cart.","information_link":"https://developer.paypal.com/docs/api/payments/#errors","debug_id":"1f3b9cd558ba1"}
[19-01-2019 11:29:59] PayPal\Core\PayPalHttpConnection : INFO: POST https://api.sandbox.paypal.com/v1/oauth2/token
[19-01-2019 11:29:59] PayPal\Core\PayPalHttpConnection : INFO: Invalid or no certificate authority found - Retrying using bundled CA certs file
[19-01-2019 11:30:00] PayPal\Core\PayPalHttpConnection : INFO: Response Status 	: 200
[19-01-2019 11:30:00] PayPal\Core\PayPalHttpConnection : INFO: POST https://api.sandbox.paypal.com/v1/payments/payment
[19-01-2019 11:30:00] PayPal\Core\PayPalHttpConnection : INFO: Invalid or no certificate authority found - Retrying using bundled CA certs file
[19-01-2019 11:30:01] PayPal\Core\PayPalHttpConnection : INFO: Response Status 	: 201
[19-01-2019 11:30:17] PayPal\Core\PayPalHttpConnection : INFO: POST https://api.sandbox.paypal.com/v1/oauth2/token
[19-01-2019 11:30:18] PayPal\Core\PayPalHttpConnection : INFO: Invalid or no certificate authority found - Retrying using bundled CA certs file
[19-01-2019 11:30:18] PayPal\Core\PayPalHttpConnection : INFO: Response Status 	: 200
[19-01-2019 11:30:18] PayPal\Core\PayPalHttpConnection : INFO: GET https://api.sandbox.paypal.com/v1/payments/payment/PAY-7WR5847644737781NLRCAOWQ
[19-01-2019 11:30:18] PayPal\Core\PayPalHttpConnection : INFO: Invalid or no certificate authority found - Retrying using bundled CA certs file
[19-01-2019 11:30:19] PayPal\Core\PayPalHttpConnection : INFO: Response Status 	: 200
[19-01-2019 11:30:19] PayPal\Core\PayPalHttpConnection : INFO: POST https://api.sandbox.paypal.com/v1/payments/payment/PAY-7WR5847644737781NLRCAOWQ/execute
[19-01-2019 11:30:19] PayPal\Core\PayPalHttpConnection : INFO: Invalid or no certificate authority found - Retrying using bundled CA certs file
[19-01-2019 11:30:21] PayPal\Core\PayPalHttpConnection : INFO: Response Status 	: 200
[19-01-2019 11:31:31] PayPal\Core\PayPalHttpConnection : INFO: POST https://api.sandbox.paypal.com/v1/oauth2/token
[19-01-2019 11:31:31] PayPal\Core\PayPalHttpConnection : INFO: Invalid or no certificate authority found - Retrying using bundled CA certs file
[19-01-2019 11:31:31] PayPal\Core\PayPalHttpConnection : INFO: Response Status 	: 200
[19-01-2019 11:31:31] PayPal\Core\PayPalHttpConnection : INFO: POST https://api.sandbox.paypal.com/v1/payments/payment
[19-01-2019 11:31:32] PayPal\Core\PayPalHttpConnection : INFO: Invalid or no certificate authority found - Retrying using bundled CA certs file
[19-01-2019 11:31:33] PayPal\Core\PayPalHttpConnection : INFO: Response Status 	: 201
[19-01-2019 11:31:50] PayPal\Core\PayPalHttpConnection : INFO: POST https://api.sandbox.paypal.com/v1/oauth2/token
[19-01-2019 11:31:50] PayPal\Core\PayPalHttpConnection : INFO: Invalid or no certificate authority found - Retrying using bundled CA certs file
[19-01-2019 11:31:50] PayPal\Core\PayPalHttpConnection : INFO: Response Status 	: 200
[19-01-2019 11:31:50] PayPal\Core\PayPalHttpConnection : INFO: GET https://api.sandbox.paypal.com/v1/payments/payment/PAY-90N556018Y0614421LRCAPNI
[19-01-2019 11:31:51] PayPal\Core\PayPalHttpConnection : INFO: Invalid or no certificate authority found - Retrying using bundled CA certs file
[19-01-2019 11:31:51] PayPal\Core\PayPalHttpConnection : INFO: Response Status 	: 200
[19-01-2019 11:31:51] PayPal\Core\PayPalHttpConnection : INFO: POST https://api.sandbox.paypal.com/v1/payments/payment/PAY-90N556018Y0614421LRCAPNI/execute
[19-01-2019 11:31:51] PayPal\Core\PayPalHttpConnection : INFO: Invalid or no certificate authority found - Retrying using bundled CA certs file
[19-01-2019 11:31:53] PayPal\Core\PayPalHttpConnection : INFO: Response Status 	: 200
[19-01-2019 11:33:33] PayPal\Core\PayPalHttpConnection : INFO: POST https://api.sandbox.paypal.com/v1/oauth2/token
[19-01-2019 11:33:33] PayPal\Core\PayPalHttpConnection : INFO: Invalid or no certificate authority found - Retrying using bundled CA certs file
[19-01-2019 11:33:34] PayPal\Core\PayPalHttpConnection : INFO: Response Status 	: 200
[19-01-2019 11:33:34] PayPal\Core\PayPalHttpConnection : INFO: POST https://api.sandbox.paypal.com/v1/payments/payment
[19-01-2019 11:33:34] PayPal\Core\PayPalHttpConnection : INFO: Invalid or no certificate authority found - Retrying using bundled CA certs file
[19-01-2019 11:33:35] PayPal\Core\PayPalHttpConnection : INFO: Response Status 	: 201
[19-01-2019 11:33:55] PayPal\Core\PayPalHttpConnection : INFO: POST https://api.sandbox.paypal.com/v1/oauth2/token
[19-01-2019 11:33:56] PayPal\Core\PayPalHttpConnection : INFO: Invalid or no certificate authority found - Retrying using bundled CA certs file
[19-01-2019 11:33:57] PayPal\Core\PayPalHttpConnection : INFO: Response Status 	: 200
[19-01-2019 11:33:57] PayPal\Core\PayPalHttpConnection : INFO: GET https://api.sandbox.paypal.com/v1/payments/payment/PAY-2BX7078184174693PLRCAQLY
[19-01-2019 11:33:57] PayPal\Core\PayPalHttpConnection : INFO: Invalid or no certificate authority found - Retrying using bundled CA certs file
[19-01-2019 11:33:57] PayPal\Core\PayPalHttpConnection : INFO: Response Status 	: 200
[19-01-2019 11:33:57] PayPal\Core\PayPalHttpConnection : INFO: POST https://api.sandbox.paypal.com/v1/payments/payment/PAY-2BX7078184174693PLRCAQLY/execute
[19-01-2019 11:33:58] PayPal\Core\PayPalHttpConnection : INFO: Invalid or no certificate authority found - Retrying using bundled CA certs file
[19-01-2019 11:33:59] PayPal\Core\PayPalHttpConnection : INFO: Response Status 	: 200
[19-01-2019 11:36:13] PayPal\Core\PayPalHttpConnection : INFO: POST https://api.sandbox.paypal.com/v1/oauth2/token
[19-01-2019 11:36:13] PayPal\Core\PayPalHttpConnection : INFO: Invalid or no certificate authority found - Retrying using bundled CA certs file
[19-01-2019 11:36:13] PayPal\Core\PayPalHttpConnection : INFO: Response Status 	: 200
[19-01-2019 11:36:14] PayPal\Core\PayPalHttpConnection : INFO: GET https://api.sandbox.paypal.com/v1/payments/payment/PAY-2BX7078184174693PLRCAQLY
[19-01-2019 11:36:14] PayPal\Core\PayPalHttpConnection : INFO: Invalid or no certificate authority found - Retrying using bundled CA certs file
[19-01-2019 11:36:16] PayPal\Core\PayPalHttpConnection : INFO: Response Status 	: 200
[19-01-2019 11:36:16] PayPal\Core\PayPalHttpConnection : INFO: POST https://api.sandbox.paypal.com/v1/payments/payment/PAY-2BX7078184174693PLRCAQLY/execute
[19-01-2019 11:36:17] PayPal\Core\PayPalHttpConnection : INFO: Invalid or no certificate authority found - Retrying using bundled CA certs file
[19-01-2019 11:36:17] PayPal\Core\PayPalHttpConnection : INFO: Response Status 	: 400
[19-01-2019 11:36:17] PayPal\Core\PayPalHttpConnection : ERROR: Got Http response code 400 when accessing https://api.sandbox.paypal.com/v1/payments/payment/PAY-2BX7078184174693PLRCAQLY/execute. {"name":"PAYMENT_ALREADY_DONE","message":"Payment has been done already for this cart.","information_link":"https://developer.paypal.com/docs/api/payments/#errors","debug_id":"f981628617736"}
[19-01-2019 11:36:33] PayPal\Core\PayPalHttpConnection : INFO: POST https://api.sandbox.paypal.com/v1/oauth2/token
[19-01-2019 11:36:34] PayPal\Core\PayPalHttpConnection : INFO: Invalid or no certificate authority found - Retrying using bundled CA certs file
[19-01-2019 11:36:34] PayPal\Core\PayPalHttpConnection : INFO: Response Status 	: 200
[19-01-2019 11:36:34] PayPal\Core\PayPalHttpConnection : INFO: POST https://api.sandbox.paypal.com/v1/payments/payment
[19-01-2019 11:36:34] PayPal\Core\PayPalHttpConnection : INFO: Invalid or no certificate authority found - Retrying using bundled CA certs file
[19-01-2019 11:36:36] PayPal\Core\PayPalHttpConnection : INFO: Response Status 	: 201
[19-01-2019 11:37:11] PayPal\Core\PayPalHttpConnection : INFO: POST https://api.sandbox.paypal.com/v1/oauth2/token
[19-01-2019 11:37:11] PayPal\Core\PayPalHttpConnection : INFO: Invalid or no certificate authority found - Retrying using bundled CA certs file
[19-01-2019 11:37:11] PayPal\Core\PayPalHttpConnection : INFO: Response Status 	: 200
[19-01-2019 11:37:11] PayPal\Core\PayPalHttpConnection : INFO: GET https://api.sandbox.paypal.com/v1/payments/payment/PAY-2HE65907BF445591LLRCARZA
[19-01-2019 11:37:12] PayPal\Core\PayPalHttpConnection : INFO: Invalid or no certificate authority found - Retrying using bundled CA certs file
[19-01-2019 11:37:13] PayPal\Core\PayPalHttpConnection : INFO: Response Status 	: 200
[19-01-2019 11:37:13] PayPal\Core\PayPalHttpConnection : INFO: POST https://api.sandbox.paypal.com/v1/payments/payment/PAY-2HE65907BF445591LLRCARZA/execute
[19-01-2019 11:37:13] PayPal\Core\PayPalHttpConnection : INFO: Invalid or no certificate authority found - Retrying using bundled CA certs file
[19-01-2019 11:37:14] PayPal\Core\PayPalHttpConnection : INFO: Response Status 	: 200
[19-01-2019 11:37:41] PayPal\Core\PayPalHttpConnection : INFO: POST https://api.sandbox.paypal.com/v1/oauth2/token
[19-01-2019 11:37:42] PayPal\Core\PayPalHttpConnection : INFO: Invalid or no certificate authority found - Retrying using bundled CA certs file
[19-01-2019 11:37:42] PayPal\Core\PayPalHttpConnection : INFO: Response Status 	: 200
[19-01-2019 11:37:42] PayPal\Core\PayPalHttpConnection : INFO: GET https://api.sandbox.paypal.com/v1/payments/payment/PAY-2HE65907BF445591LLRCARZA
[19-01-2019 11:37:42] PayPal\Core\PayPalHttpConnection : INFO: Invalid or no certificate authority found - Retrying using bundled CA certs file
[19-01-2019 11:37:43] PayPal\Core\PayPalHttpConnection : INFO: Response Status 	: 200
[19-01-2019 11:37:43] PayPal\Core\PayPalHttpConnection : INFO: POST https://api.sandbox.paypal.com/v1/payments/payment/PAY-2HE65907BF445591LLRCARZA/execute
[19-01-2019 11:37:43] PayPal\Core\PayPalHttpConnection : INFO: Invalid or no certificate authority found - Retrying using bundled CA certs file
[19-01-2019 11:37:44] PayPal\Core\PayPalHttpConnection : INFO: Response Status 	: 400
[19-01-2019 11:37:44] PayPal\Core\PayPalHttpConnection : ERROR: Got Http response code 400 when accessing https://api.sandbox.paypal.com/v1/payments/payment/PAY-2HE65907BF445591LLRCARZA/execute. {"name":"PAYMENT_ALREADY_DONE","message":"Payment has been done already for this cart.","information_link":"https://developer.paypal.com/docs/api/payments/#errors","debug_id":"70302805d3100"}
[19-01-2019 11:37:53] PayPal\Core\PayPalHttpConnection : INFO: POST https://api.sandbox.paypal.com/v1/oauth2/token
[19-01-2019 11:37:53] PayPal\Core\PayPalHttpConnection : INFO: Invalid or no certificate authority found - Retrying using bundled CA certs file
[19-01-2019 11:37:54] PayPal\Core\PayPalHttpConnection : INFO: Response Status 	: 200
[19-01-2019 11:37:54] PayPal\Core\PayPalHttpConnection : INFO: POST https://api.sandbox.paypal.com/v1/payments/payment
[19-01-2019 11:37:54] PayPal\Core\PayPalHttpConnection : INFO: Invalid or no certificate authority found - Retrying using bundled CA certs file
[19-01-2019 11:37:55] PayPal\Core\PayPalHttpConnection : INFO: Response Status 	: 201
[19-01-2019 11:38:12] PayPal\Core\PayPalHttpConnection : INFO: POST https://api.sandbox.paypal.com/v1/oauth2/token
[19-01-2019 11:38:13] PayPal\Core\PayPalHttpConnection : INFO: Invalid or no certificate authority found - Retrying using bundled CA certs file
[19-01-2019 11:38:13] PayPal\Core\PayPalHttpConnection : INFO: Response Status 	: 200
[19-01-2019 11:38:13] PayPal\Core\PayPalHttpConnection : INFO: GET https://api.sandbox.paypal.com/v1/payments/payment/PAY-4VU12836KU6474948LRCASNA
[19-01-2019 11:38:13] PayPal\Core\PayPalHttpConnection : INFO: Invalid or no certificate authority found - Retrying using bundled CA certs file
[19-01-2019 11:38:14] PayPal\Core\PayPalHttpConnection : INFO: Response Status 	: 200
[19-01-2019 11:38:14] PayPal\Core\PayPalHttpConnection : INFO: POST https://api.sandbox.paypal.com/v1/payments/payment/PAY-4VU12836KU6474948LRCASNA/execute
[19-01-2019 11:38:14] PayPal\Core\PayPalHttpConnection : INFO: Invalid or no certificate authority found - Retrying using bundled CA certs file
[19-01-2019 11:38:16] PayPal\Core\PayPalHttpConnection : INFO: Response Status 	: 200
[19-01-2019 11:38:36] PayPal\Core\PayPalHttpConnection : INFO: POST https://api.sandbox.paypal.com/v1/oauth2/token
[19-01-2019 11:38:36] PayPal\Core\PayPalHttpConnection : INFO: Invalid or no certificate authority found - Retrying using bundled CA certs file
[19-01-2019 11:38:37] PayPal\Core\PayPalHttpConnection : INFO: Response Status 	: 200
[19-01-2019 11:38:37] PayPal\Core\PayPalHttpConnection : INFO: POST https://api.sandbox.paypal.com/v1/payments/payment
[19-01-2019 11:38:37] PayPal\Core\PayPalHttpConnection : INFO: Invalid or no certificate authority found - Retrying using bundled CA certs file
[19-01-2019 11:38:38] PayPal\Core\PayPalHttpConnection : INFO: Response Status 	: 201
[19-01-2019 11:38:56] PayPal\Core\PayPalHttpConnection : INFO: POST https://api.sandbox.paypal.com/v1/oauth2/token
[19-01-2019 11:38:56] PayPal\Core\PayPalHttpConnection : INFO: Invalid or no certificate authority found - Retrying using bundled CA certs file
[19-01-2019 11:38:56] PayPal\Core\PayPalHttpConnection : INFO: Response Status 	: 200
[19-01-2019 11:38:56] PayPal\Core\PayPalHttpConnection : INFO: GET https://api.sandbox.paypal.com/v1/payments/payment/PAY-6M7689897W700974XLRCASXY
[19-01-2019 11:38:57] PayPal\Core\PayPalHttpConnection : INFO: Invalid or no certificate authority found - Retrying using bundled CA certs file
[19-01-2019 11:38:57] PayPal\Core\PayPalHttpConnection : INFO: Response Status 	: 200
[19-01-2019 11:38:57] PayPal\Core\PayPalHttpConnection : INFO: POST https://api.sandbox.paypal.com/v1/payments/payment/PAY-6M7689897W700974XLRCASXY/execute
[19-01-2019 11:38:58] PayPal\Core\PayPalHttpConnection : INFO: Invalid or no certificate authority found - Retrying using bundled CA certs file
[19-01-2019 11:38:59] PayPal\Core\PayPalHttpConnection : INFO: Response Status 	: 200
[19-01-2019 11:39:23] PayPal\Core\PayPalHttpConnection : INFO: POST https://api.sandbox.paypal.com/v1/oauth2/token
[19-01-2019 11:39:24] PayPal\Core\PayPalHttpConnection : INFO: Invalid or no certificate authority found - Retrying using bundled CA certs file
[19-01-2019 11:39:24] PayPal\Core\PayPalHttpConnection : INFO: Response Status 	: 200
[19-01-2019 11:39:24] PayPal\Core\PayPalHttpConnection : INFO: POST https://api.sandbox.paypal.com/v1/payments/payment
[19-01-2019 11:39:24] PayPal\Core\PayPalHttpConnection : INFO: Invalid or no certificate authority found - Retrying using bundled CA certs file
[19-01-2019 11:39:25] PayPal\Core\PayPalHttpConnection : INFO: Response Status 	: 201
[19-01-2019 11:39:41] PayPal\Core\PayPalHttpConnection : INFO: POST https://api.sandbox.paypal.com/v1/oauth2/token
[19-01-2019 11:39:41] PayPal\Core\PayPalHttpConnection : INFO: Invalid or no certificate authority found - Retrying using bundled CA certs file
[19-01-2019 11:39:42] PayPal\Core\PayPalHttpConnection : INFO: Response Status 	: 200
[19-01-2019 11:39:42] PayPal\Core\PayPalHttpConnection : INFO: GET https://api.sandbox.paypal.com/v1/payments/payment/PAY-0JN4167463778534LLRCATDQ
[19-01-2019 11:39:42] PayPal\Core\PayPalHttpConnection : INFO: Invalid or no certificate authority found - Retrying using bundled CA certs file
[19-01-2019 11:39:43] PayPal\Core\PayPalHttpConnection : INFO: Response Status 	: 200
[19-01-2019 11:39:43] PayPal\Core\PayPalHttpConnection : INFO: POST https://api.sandbox.paypal.com/v1/payments/payment/PAY-0JN4167463778534LLRCATDQ/execute
[19-01-2019 11:39:43] PayPal\Core\PayPalHttpConnection : INFO: Invalid or no certificate authority found - Retrying using bundled CA certs file
[19-01-2019 11:39:45] PayPal\Core\PayPalHttpConnection : INFO: Response Status 	: 200
[19-01-2019 11:42:03] PayPal\Core\PayPalHttpConnection : INFO: POST https://api.sandbox.paypal.com/v1/oauth2/token
[19-01-2019 11:42:03] PayPal\Core\PayPalHttpConnection : INFO: Invalid or no certificate authority found - Retrying using bundled CA certs file
[19-01-2019 11:42:04] PayPal\Core\PayPalHttpConnection : INFO: Response Status 	: 200
[19-01-2019 11:42:04] PayPal\Core\PayPalHttpConnection : INFO: POST https://api.sandbox.paypal.com/v1/payments/payment
[19-01-2019 11:42:04] PayPal\Core\PayPalHttpConnection : INFO: Invalid or no certificate authority found - Retrying using bundled CA certs file
[19-01-2019 11:42:05] PayPal\Core\PayPalHttpConnection : INFO: Response Status 	: 201
[19-01-2019 11:42:23] PayPal\Core\PayPalHttpConnection : INFO: POST https://api.sandbox.paypal.com/v1/oauth2/token
[19-01-2019 11:42:23] PayPal\Core\PayPalHttpConnection : INFO: Invalid or no certificate authority found - Retrying using bundled CA certs file
[19-01-2019 11:42:23] PayPal\Core\PayPalHttpConnection : INFO: Response Status 	: 200
[19-01-2019 11:42:23] PayPal\Core\PayPalHttpConnection : INFO: GET https://api.sandbox.paypal.com/v1/payments/payment/PAY-08U67645YA6048846LRCAULQ
[19-01-2019 11:42:24] PayPal\Core\PayPalHttpConnection : INFO: Invalid or no certificate authority found - Retrying using bundled CA certs file
[19-01-2019 11:42:24] PayPal\Core\PayPalHttpConnection : INFO: Response Status 	: 200
[19-01-2019 11:42:24] PayPal\Core\PayPalHttpConnection : INFO: POST https://api.sandbox.paypal.com/v1/payments/payment/PAY-08U67645YA6048846LRCAULQ/execute
[19-01-2019 11:42:24] PayPal\Core\PayPalHttpConnection : INFO: Invalid or no certificate authority found - Retrying using bundled CA certs file
[19-01-2019 11:42:26] PayPal\Core\PayPalHttpConnection : INFO: Response Status 	: 200
[19-01-2019 11:42:49] PayPal\Core\PayPalHttpConnection : INFO: POST https://api.sandbox.paypal.com/v1/oauth2/token
[19-01-2019 11:42:49] PayPal\Core\PayPalHttpConnection : INFO: Invalid or no certificate authority found - Retrying using bundled CA certs file
[19-01-2019 11:42:50] PayPal\Core\PayPalHttpConnection : INFO: Response Status 	: 200
[19-01-2019 11:42:50] PayPal\Core\PayPalHttpConnection : INFO: POST https://api.sandbox.paypal.com/v1/payments/payment
[19-01-2019 11:42:50] PayPal\Core\PayPalHttpConnection : INFO: Invalid or no certificate authority found - Retrying using bundled CA certs file
[19-01-2019 11:42:51] PayPal\Core\PayPalHttpConnection : INFO: Response Status 	: 201
[19-01-2019 11:43:08] PayPal\Core\PayPalHttpConnection : INFO: POST https://api.sandbox.paypal.com/v1/oauth2/token
[19-01-2019 11:43:08] PayPal\Core\PayPalHttpConnection : INFO: Invalid or no certificate authority found - Retrying using bundled CA certs file
[19-01-2019 11:43:09] PayPal\Core\PayPalHttpConnection : INFO: Response Status 	: 200
[19-01-2019 11:43:09] PayPal\Core\PayPalHttpConnection : INFO: GET https://api.sandbox.paypal.com/v1/payments/payment/PAY-34961833YN191873BLRCAUXA
[19-01-2019 11:43:09] PayPal\Core\PayPalHttpConnection : INFO: Invalid or no certificate authority found - Retrying using bundled CA certs file
[19-01-2019 11:43:10] PayPal\Core\PayPalHttpConnection : INFO: Response Status 	: 200
[19-01-2019 11:43:10] PayPal\Core\PayPalHttpConnection : INFO: POST https://api.sandbox.paypal.com/v1/payments/payment/PAY-34961833YN191873BLRCAUXA/execute
[19-01-2019 11:43:11] PayPal\Core\PayPalHttpConnection : INFO: Invalid or no certificate authority found - Retrying using bundled CA certs file
[19-01-2019 11:43:12] PayPal\Core\PayPalHttpConnection : INFO: Response Status 	: 200
[19-01-2019 11:44:45] PayPal\Core\PayPalHttpConnection : INFO: POST https://api.sandbox.paypal.com/v1/oauth2/token
[19-01-2019 11:44:45] PayPal\Core\PayPalHttpConnection : INFO: Invalid or no certificate authority found - Retrying using bundled CA certs file
[19-01-2019 11:44:46] PayPal\Core\PayPalHttpConnection : INFO: Response Status 	: 200
[19-01-2019 11:44:46] PayPal\Core\PayPalHttpConnection : INFO: POST https://api.sandbox.paypal.com/v1/payments/payment
[19-01-2019 11:44:46] PayPal\Core\PayPalHttpConnection : INFO: Invalid or no certificate authority found - Retrying using bundled CA certs file
[19-01-2019 11:44:47] PayPal\Core\PayPalHttpConnection : INFO: Response Status 	: 201
[19-01-2019 11:45:07] PayPal\Core\PayPalHttpConnection : INFO: POST https://api.sandbox.paypal.com/v1/oauth2/token
[19-01-2019 11:45:07] PayPal\Core\PayPalHttpConnection : INFO: Invalid or no certificate authority found - Retrying using bundled CA certs file
[19-01-2019 11:45:08] PayPal\Core\PayPalHttpConnection : INFO: Response Status 	: 200
[19-01-2019 11:45:08] PayPal\Core\PayPalHttpConnection : INFO: GET https://api.sandbox.paypal.com/v1/payments/payment/PAY-66C58641LC7910429LRCAVUA
[19-01-2019 11:45:08] PayPal\Core\PayPalHttpConnection : INFO: Invalid or no certificate authority found - Retrying using bundled CA certs file
[19-01-2019 11:45:09] PayPal\Core\PayPalHttpConnection : INFO: Response Status 	: 200
[19-01-2019 11:45:09] PayPal\Core\PayPalHttpConnection : INFO: POST https://api.sandbox.paypal.com/v1/payments/payment/PAY-66C58641LC7910429LRCAVUA/execute
[19-01-2019 11:45:09] PayPal\Core\PayPalHttpConnection : INFO: Invalid or no certificate authority found - Retrying using bundled CA certs file
[19-01-2019 11:45:11] PayPal\Core\PayPalHttpConnection : INFO: Response Status 	: 200
[19-01-2019 11:46:31] PayPal\Core\PayPalHttpConnection : INFO: POST https://api.sandbox.paypal.com/v1/oauth2/token
[19-01-2019 11:46:31] PayPal\Core\PayPalHttpConnection : INFO: Invalid or no certificate authority found - Retrying using bundled CA certs file
[19-01-2019 11:46:32] PayPal\Core\PayPalHttpConnection : INFO: Response Status 	: 200
[19-01-2019 11:46:32] PayPal\Core\PayPalHttpConnection : INFO: POST https://api.sandbox.paypal.com/v1/payments/payment
[19-01-2019 11:46:32] PayPal\Core\PayPalHttpConnection : INFO: Invalid or no certificate authority found - Retrying using bundled CA certs file
[19-01-2019 11:46:33] PayPal\Core\PayPalHttpConnection : INFO: Response Status 	: 201
[19-01-2019 11:46:51] PayPal\Core\PayPalHttpConnection : INFO: POST https://api.sandbox.paypal.com/v1/oauth2/token
[19-01-2019 11:46:51] PayPal\Core\PayPalHttpConnection : INFO: Invalid or no certificate authority found - Retrying using bundled CA certs file
[19-01-2019 11:46:52] PayPal\Core\PayPalHttpConnection : INFO: Response Status 	: 200
[19-01-2019 11:46:52] PayPal\Core\PayPalHttpConnection : INFO: GET https://api.sandbox.paypal.com/v1/payments/payment/PAY-04M94562U9836142GLRCAWOQ
[19-01-2019 11:46:52] PayPal\Core\PayPalHttpConnection : INFO: Invalid or no certificate authority found - Retrying using bundled CA certs file
[19-01-2019 11:46:53] PayPal\Core\PayPalHttpConnection : INFO: Response Status 	: 200
[19-01-2019 11:46:53] PayPal\Core\PayPalHttpConnection : INFO: POST https://api.sandbox.paypal.com/v1/payments/payment/PAY-04M94562U9836142GLRCAWOQ/execute
[19-01-2019 11:46:53] PayPal\Core\PayPalHttpConnection : INFO: Invalid or no certificate authority found - Retrying using bundled CA certs file
[19-01-2019 11:46:55] PayPal\Core\PayPalHttpConnection : INFO: Response Status 	: 200
[19-01-2019 11:47:36] PayPal\Core\PayPalHttpConnection : INFO: POST https://api.sandbox.paypal.com/v1/oauth2/token
[19-01-2019 11:47:36] PayPal\Core\PayPalHttpConnection : INFO: Invalid or no certificate authority found - Retrying using bundled CA certs file
[19-01-2019 11:47:37] PayPal\Core\PayPalHttpConnection : INFO: Response Status 	: 200
[19-01-2019 11:47:37] PayPal\Core\PayPalHttpConnection : INFO: POST https://api.sandbox.paypal.com/v1/payments/payment
[19-01-2019 11:47:37] PayPal\Core\PayPalHttpConnection : INFO: Invalid or no certificate authority found - Retrying using bundled CA certs file
[19-01-2019 11:47:38] PayPal\Core\PayPalHttpConnection : INFO: Response Status 	: 201
[19-01-2019 11:47:55] PayPal\Core\PayPalHttpConnection : INFO: POST https://api.sandbox.paypal.com/v1/oauth2/token
[19-01-2019 11:47:55] PayPal\Core\PayPalHttpConnection : INFO: Invalid or no certificate authority found - Retrying using bundled CA certs file
[19-01-2019 11:47:56] PayPal\Core\PayPalHttpConnection : INFO: Response Status 	: 200
[19-01-2019 11:47:56] PayPal\Core\PayPalHttpConnection : INFO: GET https://api.sandbox.paypal.com/v1/payments/payment/PAY-9W2277675R419212CLRCAW6Q
[19-01-2019 11:47:56] PayPal\Core\PayPalHttpConnection : INFO: Invalid or no certificate authority found - Retrying using bundled CA certs file
[19-01-2019 11:47:57] PayPal\Core\PayPalHttpConnection : INFO: Response Status 	: 200
[19-01-2019 11:47:57] PayPal\Core\PayPalHttpConnection : INFO: POST https://api.sandbox.paypal.com/v1/payments/payment/PAY-9W2277675R419212CLRCAW6Q/execute
[19-01-2019 11:47:57] PayPal\Core\PayPalHttpConnection : INFO: Invalid or no certificate authority found - Retrying using bundled CA certs file
[19-01-2019 11:47:59] PayPal\Core\PayPalHttpConnection : INFO: Response Status 	: 200
[19-01-2019 11:49:16] PayPal\Core\PayPalHttpConnection : INFO: POST https://api.sandbox.paypal.com/v1/oauth2/token
[19-01-2019 11:49:16] PayPal\Core\PayPalHttpConnection : INFO: Invalid or no certificate authority found - Retrying using bundled CA certs file
[19-01-2019 11:49:17] PayPal\Core\PayPalHttpConnection : INFO: Response Status 	: 200
[19-01-2019 11:49:17] PayPal\Core\PayPalHttpConnection : INFO: POST https://api.sandbox.paypal.com/v1/payments/payment
[19-01-2019 11:49:17] PayPal\Core\PayPalHttpConnection : INFO: Invalid or no certificate authority found - Retrying using bundled CA certs file
[19-01-2019 11:49:18] PayPal\Core\PayPalHttpConnection : INFO: Response Status 	: 201
[19-01-2019 11:49:36] PayPal\Core\PayPalHttpConnection : INFO: POST https://api.sandbox.paypal.com/v1/oauth2/token
[19-01-2019 11:49:36] PayPal\Core\PayPalHttpConnection : INFO: Invalid or no certificate authority found - Retrying using bundled CA certs file
[19-01-2019 11:49:36] PayPal\Core\PayPalHttpConnection : INFO: Response Status 	: 200
[19-01-2019 11:49:36] PayPal\Core\PayPalHttpConnection : INFO: GET https://api.sandbox.paypal.com/v1/payments/payment/PAY-0JL04853ST575033FLRCAXXY
[19-01-2019 11:49:37] PayPal\Core\PayPalHttpConnection : INFO: Invalid or no certificate authority found - Retrying using bundled CA certs file
[19-01-2019 11:49:37] PayPal\Core\PayPalHttpConnection : INFO: Response Status 	: 200
[19-01-2019 11:49:37] PayPal\Core\PayPalHttpConnection : INFO: POST https://api.sandbox.paypal.com/v1/payments/payment/PAY-0JL04853ST575033FLRCAXXY/execute
[19-01-2019 11:49:38] PayPal\Core\PayPalHttpConnection : INFO: Invalid or no certificate authority found - Retrying using bundled CA certs file
[19-01-2019 11:49:39] PayPal\Core\PayPalHttpConnection : INFO: Response Status 	: 200
[19-01-2019 11:50:11] PayPal\Core\PayPalHttpConnection : INFO: POST https://api.sandbox.paypal.com/v1/oauth2/token
[19-01-2019 11:50:11] PayPal\Core\PayPalHttpConnection : INFO: Invalid or no certificate authority found - Retrying using bundled CA certs file
[19-01-2019 11:50:12] PayPal\Core\PayPalHttpConnection : INFO: Response Status 	: 200
[19-01-2019 11:50:12] PayPal\Core\PayPalHttpConnection : INFO: POST https://api.sandbox.paypal.com/v1/payments/payment
[19-01-2019 11:50:12] PayPal\Core\PayPalHttpConnection : INFO: Invalid or no certificate authority found - Retrying using bundled CA certs file
[19-01-2019 11:50:13] PayPal\Core\PayPalHttpConnection : INFO: Response Status 	: 201
[19-01-2019 11:50:30] PayPal\Core\PayPalHttpConnection : INFO: POST https://api.sandbox.paypal.com/v1/oauth2/token
[19-01-2019 11:50:30] PayPal\Core\PayPalHttpConnection : INFO: Invalid or no certificate authority found - Retrying using bundled CA certs file
[19-01-2019 11:50:31] PayPal\Core\PayPalHttpConnection : INFO: Response Status 	: 200
[19-01-2019 11:50:31] PayPal\Core\PayPalHttpConnection : INFO: GET https://api.sandbox.paypal.com/v1/payments/payment/PAY-3SJ51629AT722944MLRCAYFQ
[19-01-2019 11:50:31] PayPal\Core\PayPalHttpConnection : INFO: Invalid or no certificate authority found - Retrying using bundled CA certs file
[19-01-2019 11:50:31] PayPal\Core\PayPalHttpConnection : INFO: Response Status 	: 200
[19-01-2019 11:50:31] PayPal\Core\PayPalHttpConnection : INFO: POST https://api.sandbox.paypal.com/v1/payments/payment/PAY-3SJ51629AT722944MLRCAYFQ/execute
[19-01-2019 11:50:32] PayPal\Core\PayPalHttpConnection : INFO: Invalid or no certificate authority found - Retrying using bundled CA certs file
[19-01-2019 11:50:34] PayPal\Core\PayPalHttpConnection : INFO: Response Status 	: 200
[19-01-2019 11:52:25] PayPal\Core\PayPalHttpConnection : INFO: POST https://api.sandbox.paypal.com/v1/oauth2/token
[19-01-2019 11:52:26] PayPal\Core\PayPalHttpConnection : INFO: Invalid or no certificate authority found - Retrying using bundled CA certs file
[19-01-2019 11:52:26] PayPal\Core\PayPalHttpConnection : INFO: Response Status 	: 200
[19-01-2019 11:52:26] PayPal\Core\PayPalHttpConnection : INFO: POST https://api.sandbox.paypal.com/v1/payments/payment
[19-01-2019 11:52:26] PayPal\Core\PayPalHttpConnection : INFO: Invalid or no certificate authority found - Retrying using bundled CA certs file
[19-01-2019 11:52:27] PayPal\Core\PayPalHttpConnection : INFO: Response Status 	: 201
[19-01-2019 11:52:52] PayPal\Core\PayPalHttpConnection : INFO: POST https://api.sandbox.paypal.com/v1/oauth2/token
[19-01-2019 11:52:52] PayPal\Core\PayPalHttpConnection : INFO: Invalid or no certificate authority found - Retrying using bundled CA certs file
[19-01-2019 11:52:53] PayPal\Core\PayPalHttpConnection : INFO: Response Status 	: 200
[19-01-2019 11:52:53] PayPal\Core\PayPalHttpConnection : INFO: GET https://api.sandbox.paypal.com/v1/payments/payment/PAY-4YA393922K293273JLRCAZHA
[19-01-2019 11:52:53] PayPal\Core\PayPalHttpConnection : INFO: Invalid or no certificate authority found - Retrying using bundled CA certs file
[19-01-2019 11:52:53] PayPal\Core\PayPalHttpConnection : INFO: Response Status 	: 200
[19-01-2019 11:52:53] PayPal\Core\PayPalHttpConnection : INFO: POST https://api.sandbox.paypal.com/v1/payments/payment/PAY-4YA393922K293273JLRCAZHA/execute
[19-01-2019 11:52:54] PayPal\Core\PayPalHttpConnection : INFO: Invalid or no certificate authority found - Retrying using bundled CA certs file
[19-01-2019 11:52:56] PayPal\Core\PayPalHttpConnection : INFO: Response Status 	: 200
[19-01-2019 11:53:20] PayPal\Core\PayPalHttpConnection : INFO: POST https://api.sandbox.paypal.com/v1/oauth2/token
[19-01-2019 11:53:20] PayPal\Core\PayPalHttpConnection : INFO: Invalid or no certificate authority found - Retrying using bundled CA certs file
[19-01-2019 11:53:21] PayPal\Core\PayPalHttpConnection : INFO: Response Status 	: 200
[19-01-2019 11:53:21] PayPal\Core\PayPalHttpConnection : INFO: POST https://api.sandbox.paypal.com/v1/payments/payment
[19-01-2019 11:53:21] PayPal\Core\PayPalHttpConnection : INFO: Invalid or no certificate authority found - Retrying using bundled CA certs file
[19-01-2019 11:53:22] PayPal\Core\PayPalHttpConnection : INFO: Response Status 	: 201
[19-01-2019 11:53:41] PayPal\Core\PayPalHttpConnection : INFO: POST https://api.sandbox.paypal.com/v1/oauth2/token
[19-01-2019 11:53:41] PayPal\Core\PayPalHttpConnection : INFO: Invalid or no certificate authority found - Retrying using bundled CA certs file
[19-01-2019 11:53:41] PayPal\Core\PayPalHttpConnection : INFO: Response Status 	: 200
[19-01-2019 11:53:41] PayPal\Core\PayPalHttpConnection : INFO: GET https://api.sandbox.paypal.com/v1/payments/payment/PAY-77K836112N771424JLRCAZUQ
[19-01-2019 11:53:42] PayPal\Core\PayPalHttpConnection : INFO: Invalid or no certificate authority found - Retrying using bundled CA certs file
[19-01-2019 11:53:42] PayPal\Core\PayPalHttpConnection : INFO: Response Status 	: 200
[19-01-2019 11:53:42] PayPal\Core\PayPalHttpConnection : INFO: POST https://api.sandbox.paypal.com/v1/payments/payment/PAY-77K836112N771424JLRCAZUQ/execute
[19-01-2019 11:53:42] PayPal\Core\PayPalHttpConnection : INFO: Invalid or no certificate authority found - Retrying using bundled CA certs file
[19-01-2019 11:53:44] PayPal\Core\PayPalHttpConnection : INFO: Response Status 	: 200
[19-01-2019 11:54:14] PayPal\Core\PayPalHttpConnection : INFO: POST https://api.sandbox.paypal.com/v1/oauth2/token
[19-01-2019 11:54:14] PayPal\Core\PayPalHttpConnection : INFO: Invalid or no certificate authority found - Retrying using bundled CA certs file
[19-01-2019 11:54:15] PayPal\Core\PayPalHttpConnection : INFO: Response Status 	: 200
[19-01-2019 11:54:15] PayPal\Core\PayPalHttpConnection : INFO: POST https://api.sandbox.paypal.com/v1/payments/payment
[19-01-2019 11:54:15] PayPal\Core\PayPalHttpConnection : INFO: Invalid or no certificate authority found - Retrying using bundled CA certs file
[19-01-2019 11:54:16] PayPal\Core\PayPalHttpConnection : INFO: Response Status 	: 201
[19-01-2019 11:54:33] PayPal\Core\PayPalHttpConnection : INFO: POST https://api.sandbox.paypal.com/v1/oauth2/token
[19-01-2019 11:54:34] PayPal\Core\PayPalHttpConnection : INFO: Invalid or no certificate authority found - Retrying using bundled CA certs file
[19-01-2019 11:54:34] PayPal\Core\PayPalHttpConnection : INFO: Response Status 	: 200
[19-01-2019 11:54:34] PayPal\Core\PayPalHttpConnection : INFO: GET https://api.sandbox.paypal.com/v1/payments/payment/PAY-1F48338162332141ELRCA2CI
[19-01-2019 11:54:34] PayPal\Core\PayPalHttpConnection : INFO: Invalid or no certificate authority found - Retrying using bundled CA certs file
[19-01-2019 11:54:35] PayPal\Core\PayPalHttpConnection : INFO: Response Status 	: 200
[19-01-2019 11:54:35] PayPal\Core\PayPalHttpConnection : INFO: POST https://api.sandbox.paypal.com/v1/payments/payment/PAY-1F48338162332141ELRCA2CI/execute
[19-01-2019 11:54:35] PayPal\Core\PayPalHttpConnection : INFO: Invalid or no certificate authority found - Retrying using bundled CA certs file
[19-01-2019 11:54:37] PayPal\Core\PayPalHttpConnection : INFO: Response Status 	: 200
[19-01-2019 11:55:13] PayPal\Core\PayPalHttpConnection : INFO: POST https://api.sandbox.paypal.com/v1/oauth2/token
[19-01-2019 11:55:13] PayPal\Core\PayPalHttpConnection : INFO: Invalid or no certificate authority found - Retrying using bundled CA certs file
[19-01-2019 11:55:14] PayPal\Core\PayPalHttpConnection : INFO: Response Status 	: 200
[19-01-2019 11:55:14] PayPal\Core\PayPalHttpConnection : INFO: POST https://api.sandbox.paypal.com/v1/payments/payment
[19-01-2019 11:55:14] PayPal\Core\PayPalHttpConnection : INFO: Invalid or no certificate authority found - Retrying using bundled CA certs file
[19-01-2019 11:55:15] PayPal\Core\PayPalHttpConnection : INFO: Response Status 	: 201
[19-01-2019 11:55:31] PayPal\Core\PayPalHttpConnection : INFO: POST https://api.sandbox.paypal.com/v1/oauth2/token
[19-01-2019 11:55:32] PayPal\Core\PayPalHttpConnection : INFO: Invalid or no certificate authority found - Retrying using bundled CA certs file
[19-01-2019 11:55:32] PayPal\Core\PayPalHttpConnection : INFO: Response Status 	: 200
[19-01-2019 11:55:32] PayPal\Core\PayPalHttpConnection : INFO: GET https://api.sandbox.paypal.com/v1/payments/payment/PAY-1XK93650K8607643GLRCA2QY
[19-01-2019 11:55:32] PayPal\Core\PayPalHttpConnection : INFO: Invalid or no certificate authority found - Retrying using bundled CA certs file
[19-01-2019 11:55:33] PayPal\Core\PayPalHttpConnection : INFO: Response Status 	: 200
[19-01-2019 11:55:33] PayPal\Core\PayPalHttpConnection : INFO: POST https://api.sandbox.paypal.com/v1/payments/payment/PAY-1XK93650K8607643GLRCA2QY/execute
[19-01-2019 11:55:33] PayPal\Core\PayPalHttpConnection : INFO: Invalid or no certificate authority found - Retrying using bundled CA certs file
[19-01-2019 11:55:35] PayPal\Core\PayPalHttpConnection : INFO: Response Status 	: 200
[19-01-2019 11:56:06] PayPal\Core\PayPalHttpConnection : INFO: POST https://api.sandbox.paypal.com/v1/oauth2/token
[19-01-2019 11:56:06] PayPal\Core\PayPalHttpConnection : INFO: Invalid or no certificate authority found - Retrying using bundled CA certs file
[19-01-2019 11:56:06] PayPal\Core\PayPalHttpConnection : INFO: Response Status 	: 200
[19-01-2019 11:56:06] PayPal\Core\PayPalHttpConnection : INFO: POST https://api.sandbox.paypal.com/v1/payments/payment
[19-01-2019 11:56:07] PayPal\Core\PayPalHttpConnection : INFO: Invalid or no certificate authority found - Retrying using bundled CA certs file
[19-01-2019 11:56:08] PayPal\Core\PayPalHttpConnection : INFO: Response Status 	: 201
[19-01-2019 11:56:25] PayPal\Core\PayPalHttpConnection : INFO: POST https://api.sandbox.paypal.com/v1/oauth2/token
[19-01-2019 11:56:25] PayPal\Core\PayPalHttpConnection : INFO: Invalid or no certificate authority found - Retrying using bundled CA certs file
[19-01-2019 11:56:26] PayPal\Core\PayPalHttpConnection : INFO: Response Status 	: 200
[19-01-2019 11:56:26] PayPal\Core\PayPalHttpConnection : INFO: GET https://api.sandbox.paypal.com/v1/payments/payment/PAY-8FG10560X8393125HLRCA26A
[19-01-2019 11:56:26] PayPal\Core\PayPalHttpConnection : INFO: Invalid or no certificate authority found - Retrying using bundled CA certs file
[19-01-2019 11:56:26] PayPal\Core\PayPalHttpConnection : INFO: Response Status 	: 200
[19-01-2019 11:56:27] PayPal\Core\PayPalHttpConnection : INFO: POST https://api.sandbox.paypal.com/v1/payments/payment/PAY-8FG10560X8393125HLRCA26A/execute
[19-01-2019 11:56:27] PayPal\Core\PayPalHttpConnection : INFO: Invalid or no certificate authority found - Retrying using bundled CA certs file
[19-01-2019 11:56:29] PayPal\Core\PayPalHttpConnection : INFO: Response Status 	: 200
[19-01-2019 11:58:36] PayPal\Core\PayPalHttpConnection : INFO: POST https://api.sandbox.paypal.com/v1/oauth2/token
[19-01-2019 11:58:37] PayPal\Core\PayPalHttpConnection : INFO: Invalid or no certificate authority found - Retrying using bundled CA certs file
[19-01-2019 11:58:37] PayPal\Core\PayPalHttpConnection : INFO: Response Status 	: 200
[19-01-2019 11:58:37] PayPal\Core\PayPalHttpConnection : INFO: POST https://api.sandbox.paypal.com/v1/payments/payment
[19-01-2019 11:58:37] PayPal\Core\PayPalHttpConnection : INFO: Invalid or no certificate authority found - Retrying using bundled CA certs file
[19-01-2019 11:58:39] PayPal\Core\PayPalHttpConnection : INFO: Response Status 	: 201
[19-01-2019 11:58:56] PayPal\Core\PayPalHttpConnection : INFO: POST https://api.sandbox.paypal.com/v1/oauth2/token
[19-01-2019 11:58:56] PayPal\Core\PayPalHttpConnection : INFO: Invalid or no certificate authority found - Retrying using bundled CA certs file
[19-01-2019 11:58:57] PayPal\Core\PayPalHttpConnection : INFO: Response Status 	: 200
[19-01-2019 11:58:57] PayPal\Core\PayPalHttpConnection : INFO: GET https://api.sandbox.paypal.com/v1/payments/payment/PAY-6V591272GY605380ALRCA4DY
[19-01-2019 11:58:57] PayPal\Core\PayPalHttpConnection : INFO: Invalid or no certificate authority found - Retrying using bundled CA certs file
[19-01-2019 11:58:57] PayPal\Core\PayPalHttpConnection : INFO: Response Status 	: 200
[19-01-2019 11:58:58] PayPal\Core\PayPalHttpConnection : INFO: POST https://api.sandbox.paypal.com/v1/payments/payment/PAY-6V591272GY605380ALRCA4DY/execute
[19-01-2019 11:58:58] PayPal\Core\PayPalHttpConnection : INFO: Invalid or no certificate authority found - Retrying using bundled CA certs file
[19-01-2019 11:59:00] PayPal\Core\PayPalHttpConnection : INFO: Response Status 	: 200
[19-01-2019 11:59:58] PayPal\Core\PayPalHttpConnection : INFO: POST https://api.sandbox.paypal.com/v1/oauth2/token
[19-01-2019 11:59:58] PayPal\Core\PayPalHttpConnection : INFO: Invalid or no certificate authority found - Retrying using bundled CA certs file
[19-01-2019 11:59:58] PayPal\Core\PayPalHttpConnection : INFO: Response Status 	: 200
[19-01-2019 11:59:58] PayPal\Core\PayPalHttpConnection : INFO: POST https://api.sandbox.paypal.com/v1/payments/payment
[19-01-2019 11:59:58] PayPal\Core\PayPalHttpConnection : INFO: Invalid or no certificate authority found - Retrying using bundled CA certs file
[20-01-2019 12:00:00] PayPal\Core\PayPalHttpConnection : INFO: Response Status 	: 201
[20-01-2019 12:00:16] PayPal\Core\PayPalHttpConnection : INFO: POST https://api.sandbox.paypal.com/v1/oauth2/token
[20-01-2019 12:00:17] PayPal\Core\PayPalHttpConnection : INFO: Invalid or no certificate authority found - Retrying using bundled CA certs file
[20-01-2019 12:00:17] PayPal\Core\PayPalHttpConnection : INFO: Response Status 	: 200
[20-01-2019 12:00:17] PayPal\Core\PayPalHttpConnection : INFO: GET https://api.sandbox.paypal.com/v1/payments/payment/PAY-98K3958564171242ALRCA4YA
[20-01-2019 12:00:18] PayPal\Core\PayPalHttpConnection : INFO: Invalid or no certificate authority found - Retrying using bundled CA certs file
[20-01-2019 12:00:18] PayPal\Core\PayPalHttpConnection : INFO: Response Status 	: 200
[20-01-2019 12:00:18] PayPal\Core\PayPalHttpConnection : INFO: POST https://api.sandbox.paypal.com/v1/payments/payment/PAY-98K3958564171242ALRCA4YA/execute
[20-01-2019 12:00:19] PayPal\Core\PayPalHttpConnection : INFO: Invalid or no certificate authority found - Retrying using bundled CA certs file
[20-01-2019 12:00:20] PayPal\Core\PayPalHttpConnection : INFO: Response Status 	: 200
[20-01-2019 12:03:01] PayPal\Core\PayPalHttpConnection : INFO: POST https://api.sandbox.paypal.com/v1/oauth2/token
[20-01-2019 12:03:02] PayPal\Core\PayPalHttpConnection : INFO: Invalid or no certificate authority found - Retrying using bundled CA certs file
[20-01-2019 12:03:02] PayPal\Core\PayPalHttpConnection : INFO: Response Status 	: 200
[20-01-2019 12:03:02] PayPal\Core\PayPalHttpConnection : INFO: POST https://api.sandbox.paypal.com/v1/payments/payment
[20-01-2019 12:03:02] PayPal\Core\PayPalHttpConnection : INFO: Invalid or no certificate authority found - Retrying using bundled CA certs file
[20-01-2019 12:03:03] PayPal\Core\PayPalHttpConnection : INFO: Response Status 	: 201
[20-01-2019 12:03:24] PayPal\Core\PayPalHttpConnection : INFO: POST https://api.sandbox.paypal.com/v1/oauth2/token
[20-01-2019 12:03:24] PayPal\Core\PayPalHttpConnection : INFO: Invalid or no certificate authority found - Retrying using bundled CA certs file
[20-01-2019 12:03:24] PayPal\Core\PayPalHttpConnection : INFO: Response Status 	: 200
[20-01-2019 12:03:24] PayPal\Core\PayPalHttpConnection : INFO: GET https://api.sandbox.paypal.com/v1/payments/payment/PAY-5BU038866A571345ELRCA6GA
[20-01-2019 12:03:25] PayPal\Core\PayPalHttpConnection : INFO: Invalid or no certificate authority found - Retrying using bundled CA certs file
[20-01-2019 12:03:25] PayPal\Core\PayPalHttpConnection : INFO: Response Status 	: 200
[20-01-2019 12:03:25] PayPal\Core\PayPalHttpConnection : INFO: POST https://api.sandbox.paypal.com/v1/payments/payment/PAY-5BU038866A571345ELRCA6GA/execute
[20-01-2019 12:03:26] PayPal\Core\PayPalHttpConnection : INFO: Invalid or no certificate authority found - Retrying using bundled CA certs file
[20-01-2019 12:03:27] PayPal\Core\PayPalHttpConnection : INFO: Response Status 	: 200
[20-01-2019 12:04:59] PayPal\Core\PayPalHttpConnection : INFO: POST https://api.sandbox.paypal.com/v1/oauth2/token
[20-01-2019 12:04:59] PayPal\Core\PayPalHttpConnection : INFO: Invalid or no certificate authority found - Retrying using bundled CA certs file
[20-01-2019 12:04:59] PayPal\Core\PayPalHttpConnection : INFO: Response Status 	: 200
[20-01-2019 12:04:59] PayPal\Core\PayPalHttpConnection : INFO: POST https://api.sandbox.paypal.com/v1/payments/payment
[20-01-2019 12:05:00] PayPal\Core\PayPalHttpConnection : INFO: Invalid or no certificate authority found - Retrying using bundled CA certs file
[20-01-2019 12:05:01] PayPal\Core\PayPalHttpConnection : INFO: Response Status 	: 201
[20-01-2019 12:05:19] PayPal\Core\PayPalHttpConnection : INFO: POST https://api.sandbox.paypal.com/v1/oauth2/token
[20-01-2019 12:05:19] PayPal\Core\PayPalHttpConnection : INFO: Invalid or no certificate authority found - Retrying using bundled CA certs file
[20-01-2019 12:05:20] PayPal\Core\PayPalHttpConnection : INFO: Response Status 	: 200
[20-01-2019 12:05:20] PayPal\Core\PayPalHttpConnection : INFO: GET https://api.sandbox.paypal.com/v1/payments/payment/PAY-9CD58072CH0897913LRCA7DI
[20-01-2019 12:05:20] PayPal\Core\PayPalHttpConnection : INFO: Invalid or no certificate authority found - Retrying using bundled CA certs file
[20-01-2019 12:05:20] PayPal\Core\PayPalHttpConnection : INFO: Response Status 	: 200
[20-01-2019 12:05:20] PayPal\Core\PayPalHttpConnection : INFO: POST https://api.sandbox.paypal.com/v1/payments/payment/PAY-9CD58072CH0897913LRCA7DI/execute
[20-01-2019 12:05:21] PayPal\Core\PayPalHttpConnection : INFO: Invalid or no certificate authority found - Retrying using bundled CA certs file
[20-01-2019 12:05:23] PayPal\Core\PayPalHttpConnection : INFO: Response Status 	: 200
[20-01-2019 12:08:23] PayPal\Core\PayPalHttpConnection : INFO: POST https://api.sandbox.paypal.com/v1/oauth2/token
[20-01-2019 12:08:24] PayPal\Core\PayPalHttpConnection : INFO: Invalid or no certificate authority found - Retrying using bundled CA certs file
[20-01-2019 12:08:24] PayPal\Core\PayPalHttpConnection : INFO: Response Status 	: 200
[20-01-2019 12:08:24] PayPal\Core\PayPalHttpConnection : INFO: POST https://api.sandbox.paypal.com/v1/payments/payment
[20-01-2019 12:08:24] PayPal\Core\PayPalHttpConnection : INFO: Invalid or no certificate authority found - Retrying using bundled CA certs file
[20-01-2019 12:08:25] PayPal\Core\PayPalHttpConnection : INFO: Response Status 	: 201
[20-01-2019 12:08:49] PayPal\Core\PayPalHttpConnection : INFO: POST https://api.sandbox.paypal.com/v1/oauth2/token
[20-01-2019 12:08:49] PayPal\Core\PayPalHttpConnection : INFO: Invalid or no certificate authority found - Retrying using bundled CA certs file
[20-01-2019 12:08:50] PayPal\Core\PayPalHttpConnection : INFO: Response Status 	: 200
[20-01-2019 12:08:50] PayPal\Core\PayPalHttpConnection : INFO: GET https://api.sandbox.paypal.com/v1/payments/payment/PAY-7F7012627D5108939LRCBAWQ
[20-01-2019 12:08:50] PayPal\Core\PayPalHttpConnection : INFO: Invalid or no certificate authority found - Retrying using bundled CA certs file
[20-01-2019 12:08:51] PayPal\Core\PayPalHttpConnection : INFO: Response Status 	: 200
[20-01-2019 12:08:51] PayPal\Core\PayPalHttpConnection : INFO: POST https://api.sandbox.paypal.com/v1/payments/payment/PAY-7F7012627D5108939LRCBAWQ/execute
[20-01-2019 12:08:51] PayPal\Core\PayPalHttpConnection : INFO: Invalid or no certificate authority found - Retrying using bundled CA certs file
[20-01-2019 12:08:53] PayPal\Core\PayPalHttpConnection : INFO: Response Status 	: 200
[20-01-2019 12:19:46] PayPal\Core\PayPalHttpConnection : INFO: POST https://api.sandbox.paypal.com/v1/oauth2/token
[20-01-2019 12:19:46] PayPal\Core\PayPalHttpConnection : INFO: Invalid or no certificate authority found - Retrying using bundled CA certs file
[20-01-2019 12:19:47] PayPal\Core\PayPalHttpConnection : INFO: Response Status 	: 200
[20-01-2019 12:19:47] PayPal\Core\PayPalHttpConnection : INFO: POST https://api.sandbox.paypal.com/v1/payments/payment
[20-01-2019 12:19:47] PayPal\Core\PayPalHttpConnection : INFO: Invalid or no certificate authority found - Retrying using bundled CA certs file
[20-01-2019 12:19:48] PayPal\Core\PayPalHttpConnection : INFO: Response Status 	: 201
[20-01-2019 12:20:05] PayPal\Core\PayPalHttpConnection : INFO: POST https://api.sandbox.paypal.com/v1/oauth2/token
[20-01-2019 12:20:05] PayPal\Core\PayPalHttpConnection : INFO: Invalid or no certificate authority found - Retrying using bundled CA certs file
[20-01-2019 12:20:06] PayPal\Core\PayPalHttpConnection : INFO: Response Status 	: 200
[20-01-2019 12:20:06] PayPal\Core\PayPalHttpConnection : INFO: GET https://api.sandbox.paypal.com/v1/payments/payment/PAY-5W6482953B501943CLRCBGBI
[20-01-2019 12:20:06] PayPal\Core\PayPalHttpConnection : INFO: Invalid or no certificate authority found - Retrying using bundled CA certs file
[20-01-2019 12:20:07] PayPal\Core\PayPalHttpConnection : INFO: Response Status 	: 200
[20-01-2019 12:20:07] PayPal\Core\PayPalHttpConnection : INFO: POST https://api.sandbox.paypal.com/v1/payments/payment/PAY-5W6482953B501943CLRCBGBI/execute
[20-01-2019 12:20:07] PayPal\Core\PayPalHttpConnection : INFO: Invalid or no certificate authority found - Retrying using bundled CA certs file
[20-01-2019 12:20:09] PayPal\Core\PayPalHttpConnection : INFO: Response Status 	: 200
[20-01-2019 12:22:19] PayPal\Core\PayPalHttpConnection : INFO: POST https://api.sandbox.paypal.com/v1/oauth2/token
[20-01-2019 12:22:19] PayPal\Core\PayPalHttpConnection : INFO: Invalid or no certificate authority found - Retrying using bundled CA certs file
[20-01-2019 12:22:20] PayPal\Core\PayPalHttpConnection : INFO: Response Status 	: 200
[20-01-2019 12:22:20] PayPal\Core\PayPalHttpConnection : INFO: POST https://api.sandbox.paypal.com/v1/payments/payment
[20-01-2019 12:22:20] PayPal\Core\PayPalHttpConnection : INFO: Invalid or no certificate authority found - Retrying using bundled CA certs file
[20-01-2019 12:22:21] PayPal\Core\PayPalHttpConnection : INFO: Response Status 	: 201
[20-01-2019 12:27:26] PayPal\Core\PayPalHttpConnection : INFO: POST https://api.sandbox.paypal.com/v1/oauth2/token
[20-01-2019 12:27:27] PayPal\Core\PayPalHttpConnection : INFO: Invalid or no certificate authority found - Retrying using bundled CA certs file
[20-01-2019 12:27:27] PayPal\Core\PayPalHttpConnection : INFO: Response Status 	: 200
[20-01-2019 12:27:27] PayPal\Core\PayPalHttpConnection : INFO: GET https://api.sandbox.paypal.com/v1/payments/payment/PAY-2TW10491F7581233FLRCBHHI
[20-01-2019 12:27:27] PayPal\Core\PayPalHttpConnection : INFO: Invalid or no certificate authority found - Retrying using bundled CA certs file
[20-01-2019 12:27:28] PayPal\Core\PayPalHttpConnection : INFO: Response Status 	: 200
[20-01-2019 12:27:28] PayPal\Core\PayPalHttpConnection : INFO: POST https://api.sandbox.paypal.com/v1/payments/payment/PAY-2TW10491F7581233FLRCBHHI/execute
[20-01-2019 12:27:28] PayPal\Core\PayPalHttpConnection : INFO: Invalid or no certificate authority found - Retrying using bundled CA certs file
[20-01-2019 12:27:30] PayPal\Core\PayPalHttpConnection : INFO: Response Status 	: 200
[20-01-2019 12:28:17] PayPal\Core\PayPalHttpConnection : INFO: POST https://api.sandbox.paypal.com/v1/oauth2/token
[20-01-2019 12:28:17] PayPal\Core\PayPalHttpConnection : INFO: Invalid or no certificate authority found - Retrying using bundled CA certs file
[20-01-2019 12:28:17] PayPal\Core\PayPalHttpConnection : INFO: Response Status 	: 200
[20-01-2019 12:28:17] PayPal\Core\PayPalHttpConnection : INFO: POST https://api.sandbox.paypal.com/v1/payments/payment
[20-01-2019 12:28:17] PayPal\Core\PayPalHttpConnection : INFO: Invalid or no certificate authority found - Retrying using bundled CA certs file
[20-01-2019 12:28:19] PayPal\Core\PayPalHttpConnection : INFO: Response Status 	: 201
[20-01-2019 12:28:36] PayPal\Core\PayPalHttpConnection : INFO: POST https://api.sandbox.paypal.com/v1/oauth2/token
[20-01-2019 12:28:36] PayPal\Core\PayPalHttpConnection : INFO: Invalid or no certificate authority found - Retrying using bundled CA certs file
[20-01-2019 12:28:37] PayPal\Core\PayPalHttpConnection : INFO: Response Status 	: 200
[20-01-2019 12:28:37] PayPal\Core\PayPalHttpConnection : INFO: GET https://api.sandbox.paypal.com/v1/payments/payment/PAY-4SL16182UC134652DLRCBKAY
[20-01-2019 12:28:37] PayPal\Core\PayPalHttpConnection : INFO: Invalid or no certificate authority found - Retrying using bundled CA certs file
[20-01-2019 12:28:38] PayPal\Core\PayPalHttpConnection : INFO: Response Status 	: 200
[20-01-2019 12:28:38] PayPal\Core\PayPalHttpConnection : INFO: POST https://api.sandbox.paypal.com/v1/payments/payment/PAY-4SL16182UC134652DLRCBKAY/execute
[20-01-2019 12:28:38] PayPal\Core\PayPalHttpConnection : INFO: Invalid or no certificate authority found - Retrying using bundled CA certs file
[20-01-2019 12:28:40] PayPal\Core\PayPalHttpConnection : INFO: Response Status 	: 200
[20-01-2019 12:30:54] PayPal\Core\PayPalHttpConnection : INFO: POST https://api.sandbox.paypal.com/v1/oauth2/token
[20-01-2019 12:30:54] PayPal\Core\PayPalHttpConnection : INFO: Invalid or no certificate authority found - Retrying using bundled CA certs file
[20-01-2019 12:30:54] PayPal\Core\PayPalHttpConnection : INFO: Response Status 	: 200
[20-01-2019 12:30:54] PayPal\Core\PayPalHttpConnection : INFO: POST https://api.sandbox.paypal.com/v1/payments/payment
[20-01-2019 12:30:55] PayPal\Core\PayPalHttpConnection : INFO: Invalid or no certificate authority found - Retrying using bundled CA certs file
[20-01-2019 12:30:56] PayPal\Core\PayPalHttpConnection : INFO: Response Status 	: 201
[20-01-2019 12:31:12] PayPal\Core\PayPalHttpConnection : INFO: POST https://api.sandbox.paypal.com/v1/oauth2/token
[20-01-2019 12:31:12] PayPal\Core\PayPalHttpConnection : INFO: Invalid or no certificate authority found - Retrying using bundled CA certs file
[20-01-2019 12:31:13] PayPal\Core\PayPalHttpConnection : INFO: Response Status 	: 200
[20-01-2019 12:31:13] PayPal\Core\PayPalHttpConnection : INFO: GET https://api.sandbox.paypal.com/v1/payments/payment/PAY-21S07093M0399652MLRCBLIA
[20-01-2019 12:31:13] PayPal\Core\PayPalHttpConnection : INFO: Invalid or no certificate authority found - Retrying using bundled CA certs file
[20-01-2019 12:31:13] PayPal\Core\PayPalHttpConnection : INFO: Response Status 	: 200
[20-01-2019 12:31:14] PayPal\Core\PayPalHttpConnection : INFO: POST https://api.sandbox.paypal.com/v1/payments/payment/PAY-21S07093M0399652MLRCBLIA/execute
[20-01-2019 12:31:14] PayPal\Core\PayPalHttpConnection : INFO: Invalid or no certificate authority found - Retrying using bundled CA certs file
[20-01-2019 12:31:15] PayPal\Core\PayPalHttpConnection : INFO: Response Status 	: 200
[20-01-2019 12:35:17] PayPal\Core\PayPalHttpConnection : INFO: POST https://api.sandbox.paypal.com/v1/oauth2/token
[20-01-2019 12:35:17] PayPal\Core\PayPalHttpConnection : INFO: Invalid or no certificate authority found - Retrying using bundled CA certs file
[20-01-2019 12:35:17] PayPal\Core\PayPalHttpConnection : INFO: Response Status 	: 200
[20-01-2019 12:35:17] PayPal\Core\PayPalHttpConnection : INFO: POST https://api.sandbox.paypal.com/v1/payments/payment
[20-01-2019 12:35:18] PayPal\Core\PayPalHttpConnection : INFO: Invalid or no certificate authority found - Retrying using bundled CA certs file
[20-01-2019 12:35:19] PayPal\Core\PayPalHttpConnection : INFO: Response Status 	: 201
[20-01-2019 12:35:35] PayPal\Core\PayPalHttpConnection : INFO: POST https://api.sandbox.paypal.com/v1/oauth2/token
[20-01-2019 12:35:35] PayPal\Core\PayPalHttpConnection : INFO: Invalid or no certificate authority found - Retrying using bundled CA certs file
[20-01-2019 12:35:35] PayPal\Core\PayPalHttpConnection : INFO: Response Status 	: 200
[20-01-2019 12:35:35] PayPal\Core\PayPalHttpConnection : INFO: GET https://api.sandbox.paypal.com/v1/payments/payment/PAY-47236172NM089350HLRCBNJY
[20-01-2019 12:35:36] PayPal\Core\PayPalHttpConnection : INFO: Invalid or no certificate authority found - Retrying using bundled CA certs file
[20-01-2019 12:35:36] PayPal\Core\PayPalHttpConnection : INFO: Response Status 	: 200
[20-01-2019 12:35:36] PayPal\Core\PayPalHttpConnection : INFO: POST https://api.sandbox.paypal.com/v1/payments/payment/PAY-47236172NM089350HLRCBNJY/execute
[20-01-2019 12:35:37] PayPal\Core\PayPalHttpConnection : INFO: Invalid or no certificate authority found - Retrying using bundled CA certs file
[20-01-2019 12:35:39] PayPal\Core\PayPalHttpConnection : INFO: Response Status 	: 200
[20-01-2019 12:36:14] PayPal\Core\PayPalHttpConnection : INFO: POST https://api.sandbox.paypal.com/v1/oauth2/token
[20-01-2019 12:36:14] PayPal\Core\PayPalHttpConnection : INFO: Invalid or no certificate authority found - Retrying using bundled CA certs file
[20-01-2019 12:36:15] PayPal\Core\PayPalHttpConnection : INFO: Response Status 	: 200
[20-01-2019 12:36:15] PayPal\Core\PayPalHttpConnection : INFO: POST https://api.sandbox.paypal.com/v1/payments/payment
[20-01-2019 12:36:15] PayPal\Core\PayPalHttpConnection : INFO: Invalid or no certificate authority found - Retrying using bundled CA certs file
[20-01-2019 12:36:16] PayPal\Core\PayPalHttpConnection : INFO: Response Status 	: 201
[20-01-2019 12:36:33] PayPal\Core\PayPalHttpConnection : INFO: POST https://api.sandbox.paypal.com/v1/oauth2/token
[20-01-2019 12:36:33] PayPal\Core\PayPalHttpConnection : INFO: Invalid or no certificate authority found - Retrying using bundled CA certs file
[20-01-2019 12:36:34] PayPal\Core\PayPalHttpConnection : INFO: Response Status 	: 200
[20-01-2019 12:36:34] PayPal\Core\PayPalHttpConnection : INFO: GET https://api.sandbox.paypal.com/v1/payments/payment/PAY-2AP69460RU2515007LRCBNYI
[20-01-2019 12:36:34] PayPal\Core\PayPalHttpConnection : INFO: Invalid or no certificate authority found - Retrying using bundled CA certs file
[20-01-2019 12:36:35] PayPal\Core\PayPalHttpConnection : INFO: Response Status 	: 200
[20-01-2019 12:36:35] PayPal\Core\PayPalHttpConnection : INFO: POST https://api.sandbox.paypal.com/v1/payments/payment/PAY-2AP69460RU2515007LRCBNYI/execute
[20-01-2019 12:36:35] PayPal\Core\PayPalHttpConnection : INFO: Invalid or no certificate authority found - Retrying using bundled CA certs file
[20-01-2019 12:36:37] PayPal\Core\PayPalHttpConnection : INFO: Response Status 	: 200
[20-01-2019 12:38:03] PayPal\Core\PayPalHttpConnection : INFO: POST https://api.sandbox.paypal.com/v1/oauth2/token
[20-01-2019 12:38:03] PayPal\Core\PayPalHttpConnection : INFO: Invalid or no certificate authority found - Retrying using bundled CA certs file
[20-01-2019 12:38:05] PayPal\Core\PayPalHttpConnection : INFO: Response Status 	: 200
[20-01-2019 12:38:05] PayPal\Core\PayPalHttpConnection : INFO: POST https://api.sandbox.paypal.com/v1/payments/payment
[20-01-2019 12:38:05] PayPal\Core\PayPalHttpConnection : INFO: Invalid or no certificate authority found - Retrying using bundled CA certs file
[20-01-2019 12:38:07] PayPal\Core\PayPalHttpConnection : INFO: Response Status 	: 201
[20-01-2019 12:38:36] PayPal\Core\PayPalHttpConnection : INFO: POST https://api.sandbox.paypal.com/v1/oauth2/token
[20-01-2019 12:38:36] PayPal\Core\PayPalHttpConnection : INFO: Invalid or no certificate authority found - Retrying using bundled CA certs file
[20-01-2019 12:38:36] PayPal\Core\PayPalHttpConnection : INFO: Response Status 	: 200
[20-01-2019 12:38:36] PayPal\Core\PayPalHttpConnection : INFO: GET https://api.sandbox.paypal.com/v1/payments/payment/PAY-97958119BA4894649LRCBOTY
[20-01-2019 12:38:37] PayPal\Core\PayPalHttpConnection : INFO: Invalid or no certificate authority found - Retrying using bundled CA certs file
[20-01-2019 12:38:37] PayPal\Core\PayPalHttpConnection : INFO: Response Status 	: 200
[20-01-2019 12:38:37] PayPal\Core\PayPalHttpConnection : INFO: POST https://api.sandbox.paypal.com/v1/payments/payment/PAY-97958119BA4894649LRCBOTY/execute
[20-01-2019 12:38:38] PayPal\Core\PayPalHttpConnection : INFO: Invalid or no certificate authority found - Retrying using bundled CA certs file
[20-01-2019 12:38:39] PayPal\Core\PayPalHttpConnection : INFO: Response Status 	: 200
[20-01-2019 12:56:48] PayPal\Core\PayPalHttpConnection : INFO: POST https://api.sandbox.paypal.com/v1/oauth2/token
[20-01-2019 12:56:49] PayPal\Core\PayPalHttpConnection : INFO: Invalid or no certificate authority found - Retrying using bundled CA certs file
[20-01-2019 12:56:49] PayPal\Core\PayPalHttpConnection : INFO: Response Status 	: 200
[20-01-2019 12:56:49] PayPal\Core\PayPalHttpConnection : INFO: POST https://api.sandbox.paypal.com/v1/payments/payment
[20-01-2019 12:56:50] PayPal\Core\PayPalHttpConnection : INFO: Invalid or no certificate authority found - Retrying using bundled CA certs file
[20-01-2019 12:56:51] PayPal\Core\PayPalHttpConnection : INFO: Response Status 	: 201
[20-01-2019 12:57:14] PayPal\Core\PayPalHttpConnection : INFO: POST https://api.sandbox.paypal.com/v1/oauth2/token
[20-01-2019 12:57:15] PayPal\Core\PayPalHttpConnection : INFO: Invalid or no certificate authority found - Retrying using bundled CA certs file
[20-01-2019 12:57:15] PayPal\Core\PayPalHttpConnection : INFO: Response Status 	: 200
[20-01-2019 12:57:15] PayPal\Core\PayPalHttpConnection : INFO: GET https://api.sandbox.paypal.com/v1/payments/payment/PAY-7EK761533N195083FLRCBXMY
[20-01-2019 12:57:15] PayPal\Core\PayPalHttpConnection : INFO: Invalid or no certificate authority found - Retrying using bundled CA certs file
[20-01-2019 12:57:16] PayPal\Core\PayPalHttpConnection : INFO: Response Status 	: 200
[20-01-2019 12:57:16] PayPal\Core\PayPalHttpConnection : INFO: POST https://api.sandbox.paypal.com/v1/payments/payment/PAY-7EK761533N195083FLRCBXMY/execute
[20-01-2019 12:57:17] PayPal\Core\PayPalHttpConnection : INFO: Invalid or no certificate authority found - Retrying using bundled CA certs file
[20-01-2019 12:57:18] PayPal\Core\PayPalHttpConnection : INFO: Response Status 	: 200
[20-01-2019 12:58:10] PayPal\Core\PayPalHttpConnection : INFO: POST https://api.sandbox.paypal.com/v1/oauth2/token
[20-01-2019 12:58:10] PayPal\Core\PayPalHttpConnection : INFO: Invalid or no certificate authority found - Retrying using bundled CA certs file
[20-01-2019 12:58:11] PayPal\Core\PayPalHttpConnection : INFO: Response Status 	: 200
[20-01-2019 12:58:11] PayPal\Core\PayPalHttpConnection : INFO: POST https://api.sandbox.paypal.com/v1/payments/payment
[20-01-2019 12:58:11] PayPal\Core\PayPalHttpConnection : INFO: Invalid or no certificate authority found - Retrying using bundled CA certs file
[20-01-2019 12:58:12] PayPal\Core\PayPalHttpConnection : INFO: Response Status 	: 201
[20-01-2019 12:58:29] PayPal\Core\PayPalHttpConnection : INFO: POST https://api.sandbox.paypal.com/v1/oauth2/token
[20-01-2019 12:58:30] PayPal\Core\PayPalHttpConnection : INFO: Invalid or no certificate authority found - Retrying using bundled CA certs file
[20-01-2019 12:58:30] PayPal\Core\PayPalHttpConnection : INFO: Response Status 	: 200
[20-01-2019 12:58:30] PayPal\Core\PayPalHttpConnection : INFO: GET https://api.sandbox.paypal.com/v1/payments/payment/PAY-8D271321M5256041ELRCBYBI
[20-01-2019 12:58:30] PayPal\Core\PayPalHttpConnection : INFO: Invalid or no certificate authority found - Retrying using bundled CA certs file
[20-01-2019 12:58:31] PayPal\Core\PayPalHttpConnection : INFO: Response Status 	: 200
[20-01-2019 12:58:31] PayPal\Core\PayPalHttpConnection : INFO: POST https://api.sandbox.paypal.com/v1/payments/payment/PAY-8D271321M5256041ELRCBYBI/execute
[20-01-2019 12:58:31] PayPal\Core\PayPalHttpConnection : INFO: Invalid or no certificate authority found - Retrying using bundled CA certs file
[20-01-2019 12:58:33] PayPal\Core\PayPalHttpConnection : INFO: Response Status 	: 200
[20-01-2019 01:01:46] PayPal\Core\PayPalHttpConnection : INFO: POST https://api.sandbox.paypal.com/v1/oauth2/token
[20-01-2019 01:01:46] PayPal\Core\PayPalHttpConnection : INFO: Invalid or no certificate authority found - Retrying using bundled CA certs file
[20-01-2019 01:01:47] PayPal\Core\PayPalHttpConnection : INFO: Response Status 	: 200
[20-01-2019 01:01:47] PayPal\Core\PayPalHttpConnection : INFO: POST https://api.sandbox.paypal.com/v1/payments/payment
[20-01-2019 01:01:47] PayPal\Core\PayPalHttpConnection : INFO: Invalid or no certificate authority found - Retrying using bundled CA certs file
[20-01-2019 01:01:48] PayPal\Core\PayPalHttpConnection : INFO: Response Status 	: 201
[20-01-2019 01:02:06] PayPal\Core\PayPalHttpConnection : INFO: POST https://api.sandbox.paypal.com/v1/oauth2/token
[20-01-2019 01:02:06] PayPal\Core\PayPalHttpConnection : INFO: Invalid or no certificate authority found - Retrying using bundled CA certs file
[20-01-2019 01:02:07] PayPal\Core\PayPalHttpConnection : INFO: Response Status 	: 200
[20-01-2019 01:02:07] PayPal\Core\PayPalHttpConnection : INFO: GET https://api.sandbox.paypal.com/v1/payments/payment/PAY-8D257617GK697305CLRCBZXI
[20-01-2019 01:02:07] PayPal\Core\PayPalHttpConnection : INFO: Invalid or no certificate authority found - Retrying using bundled CA certs file
[20-01-2019 01:02:08] PayPal\Core\PayPalHttpConnection : INFO: Response Status 	: 200
[20-01-2019 01:02:08] PayPal\Core\PayPalHttpConnection : INFO: POST https://api.sandbox.paypal.com/v1/payments/payment/PAY-8D257617GK697305CLRCBZXI/execute
[20-01-2019 01:02:08] PayPal\Core\PayPalHttpConnection : INFO: Invalid or no certificate authority found - Retrying using bundled CA certs file
[20-01-2019 01:02:10] PayPal\Core\PayPalHttpConnection : INFO: Response Status 	: 200
[20-01-2019 01:06:48] PayPal\Core\PayPalHttpConnection : INFO: POST https://api.sandbox.paypal.com/v1/oauth2/token
[20-01-2019 01:06:49] PayPal\Core\PayPalHttpConnection : INFO: Invalid or no certificate authority found - Retrying using bundled CA certs file
[20-01-2019 01:06:49] PayPal\Core\PayPalHttpConnection : INFO: Response Status 	: 200
[20-01-2019 01:06:49] PayPal\Core\PayPalHttpConnection : INFO: POST https://api.sandbox.paypal.com/v1/payments/payment
[20-01-2019 01:06:49] PayPal\Core\PayPalHttpConnection : INFO: Invalid or no certificate authority found - Retrying using bundled CA certs file
[20-01-2019 01:06:50] PayPal\Core\PayPalHttpConnection : INFO: Response Status 	: 201
[20-01-2019 01:07:09] PayPal\Core\PayPalHttpConnection : INFO: POST https://api.sandbox.paypal.com/v1/oauth2/token
[20-01-2019 01:07:09] PayPal\Core\PayPalHttpConnection : INFO: Invalid or no certificate authority found - Retrying using bundled CA certs file
[20-01-2019 01:07:10] PayPal\Core\PayPalHttpConnection : INFO: Response Status 	: 200
[20-01-2019 01:07:10] PayPal\Core\PayPalHttpConnection : INFO: GET https://api.sandbox.paypal.com/v1/payments/payment/PAY-4WL105195N082335SLRCB4CY
[20-01-2019 01:07:10] PayPal\Core\PayPalHttpConnection : INFO: Invalid or no certificate authority found - Retrying using bundled CA certs file
[20-01-2019 01:07:10] PayPal\Core\PayPalHttpConnection : INFO: Response Status 	: 200
[20-01-2019 01:07:11] PayPal\Core\PayPalHttpConnection : INFO: POST https://api.sandbox.paypal.com/v1/payments/payment/PAY-4WL105195N082335SLRCB4CY/execute
[20-01-2019 01:07:11] PayPal\Core\PayPalHttpConnection : INFO: Invalid or no certificate authority found - Retrying using bundled CA certs file
[20-01-2019 01:07:13] PayPal\Core\PayPalHttpConnection : INFO: Response Status 	: 200
[20-01-2019 09:00:40] PayPal\Core\PayPalHttpConnection : INFO: POST https://api.sandbox.paypal.com/v1/oauth2/token
[20-01-2019 09:00:40] PayPal\Core\PayPalHttpConnection : INFO: Invalid or no certificate authority found - Retrying using bundled CA certs file
[20-01-2019 09:00:41] PayPal\Core\PayPalHttpConnection : INFO: Response Status 	: 200
[20-01-2019 09:00:41] PayPal\Core\PayPalHttpConnection : INFO: POST https://api.sandbox.paypal.com/v1/payments/payment
[20-01-2019 09:00:41] PayPal\Core\PayPalHttpConnection : INFO: Invalid or no certificate authority found - Retrying using bundled CA certs file
[20-01-2019 09:00:42] PayPal\Core\PayPalHttpConnection : INFO: Response Status 	: 201
[20-01-2019 09:01:12] PayPal\Core\PayPalHttpConnection : INFO: POST https://api.sandbox.paypal.com/v1/oauth2/token
[20-01-2019 09:01:12] PayPal\Core\PayPalHttpConnection : INFO: Invalid or no certificate authority found - Retrying using bundled CA certs file
[20-01-2019 09:01:13] PayPal\Core\PayPalHttpConnection : INFO: Response Status 	: 200
[20-01-2019 09:01:13] PayPal\Core\PayPalHttpConnection : INFO: GET https://api.sandbox.paypal.com/v1/payments/payment/PAY-9TA94179RD4756206LRCI2GQ
[20-01-2019 09:01:13] PayPal\Core\PayPalHttpConnection : INFO: Invalid or no certificate authority found - Retrying using bundled CA certs file
[20-01-2019 09:01:13] PayPal\Core\PayPalHttpConnection : INFO: Response Status 	: 200
[20-01-2019 09:01:13] PayPal\Core\PayPalHttpConnection : INFO: POST https://api.sandbox.paypal.com/v1/payments/payment/PAY-9TA94179RD4756206LRCI2GQ/execute
[20-01-2019 09:01:14] PayPal\Core\PayPalHttpConnection : INFO: Invalid or no certificate authority found - Retrying using bundled CA certs file
[20-01-2019 09:01:15] PayPal\Core\PayPalHttpConnection : INFO: Response Status 	: 200
[20-01-2019 09:02:07] PayPal\Core\PayPalHttpConnection : INFO: POST https://api.sandbox.paypal.com/v1/oauth2/token
[20-01-2019 09:02:07] PayPal\Core\PayPalHttpConnection : INFO: Invalid or no certificate authority found - Retrying using bundled CA certs file
[20-01-2019 09:02:08] PayPal\Core\PayPalHttpConnection : INFO: Response Status 	: 200
[20-01-2019 09:02:08] PayPal\Core\PayPalHttpConnection : INFO: POST https://api.sandbox.paypal.com/v1/payments/payment
[20-01-2019 09:02:08] PayPal\Core\PayPalHttpConnection : INFO: Invalid or no certificate authority found - Retrying using bundled CA certs file
[20-01-2019 09:02:10] PayPal\Core\PayPalHttpConnection : INFO: Response Status 	: 201
[20-01-2019 09:02:27] PayPal\Core\PayPalHttpConnection : INFO: POST https://api.sandbox.paypal.com/v1/oauth2/token
[20-01-2019 09:02:27] PayPal\Core\PayPalHttpConnection : INFO: Invalid or no certificate authority found - Retrying using bundled CA certs file
[20-01-2019 09:02:27] PayPal\Core\PayPalHttpConnection : INFO: Response Status 	: 200
[20-01-2019 09:02:27] PayPal\Core\PayPalHttpConnection : INFO: GET https://api.sandbox.paypal.com/v1/payments/payment/PAY-5BH96246819061135LRCI24I
[20-01-2019 09:02:28] PayPal\Core\PayPalHttpConnection : INFO: Invalid or no certificate authority found - Retrying using bundled CA certs file
[20-01-2019 09:02:29] PayPal\Core\PayPalHttpConnection : INFO: Response Status 	: 200
[20-01-2019 09:02:29] PayPal\Core\PayPalHttpConnection : INFO: POST https://api.sandbox.paypal.com/v1/payments/payment/PAY-5BH96246819061135LRCI24I/execute
[20-01-2019 09:02:30] PayPal\Core\PayPalHttpConnection : INFO: Invalid or no certificate authority found - Retrying using bundled CA certs file
[20-01-2019 09:02:31] PayPal\Core\PayPalHttpConnection : INFO: Response Status 	: 200
[20-01-2019 09:10:13] PayPal\Core\PayPalHttpConnection : INFO: POST https://api.sandbox.paypal.com/v1/oauth2/token
[20-01-2019 09:10:13] PayPal\Core\PayPalHttpConnection : INFO: Invalid or no certificate authority found - Retrying using bundled CA certs file
[20-01-2019 09:10:14] PayPal\Core\PayPalHttpConnection : INFO: Response Status 	: 200
[20-01-2019 09:10:14] PayPal\Core\PayPalHttpConnection : INFO: POST https://api.sandbox.paypal.com/v1/payments/payment
[20-01-2019 09:10:14] PayPal\Core\PayPalHttpConnection : INFO: Invalid or no certificate authority found - Retrying using bundled CA certs file
[20-01-2019 09:10:15] PayPal\Core\PayPalHttpConnection : INFO: Response Status 	: 201
[20-01-2019 09:10:32] PayPal\Core\PayPalHttpConnection : INFO: POST https://api.sandbox.paypal.com/v1/oauth2/token
[20-01-2019 09:10:32] PayPal\Core\PayPalHttpConnection : INFO: Invalid or no certificate authority found - Retrying using bundled CA certs file
[20-01-2019 09:10:32] PayPal\Core\PayPalHttpConnection : INFO: Response Status 	: 200
[20-01-2019 09:10:32] PayPal\Core\PayPalHttpConnection : INFO: GET https://api.sandbox.paypal.com/v1/payments/payment/PAY-0SB01696UW2957203LRCI6VY
[20-01-2019 09:10:33] PayPal\Core\PayPalHttpConnection : INFO: Invalid or no certificate authority found - Retrying using bundled CA certs file
[20-01-2019 09:10:33] PayPal\Core\PayPalHttpConnection : INFO: Response Status 	: 200
[20-01-2019 09:10:33] PayPal\Core\PayPalHttpConnection : INFO: POST https://api.sandbox.paypal.com/v1/payments/payment/PAY-0SB01696UW2957203LRCI6VY/execute
[20-01-2019 09:10:34] PayPal\Core\PayPalHttpConnection : INFO: Invalid or no certificate authority found - Retrying using bundled CA certs file
[20-01-2019 09:10:35] PayPal\Core\PayPalHttpConnection : INFO: Response Status 	: 200
[20-01-2019 11:07:30] PayPal\Core\PayPalHttpConnection : INFO: POST https://api.sandbox.paypal.com/v1/oauth2/token
[20-01-2019 11:07:31] PayPal\Core\PayPalHttpConnection : INFO: Invalid or no certificate authority found - Retrying using bundled CA certs file
[20-01-2019 11:07:31] PayPal\Core\PayPalHttpConnection : INFO: Response Status 	: 200
[20-01-2019 11:07:31] PayPal\Core\PayPalHttpConnection : INFO: GET https://api.sandbox.paypal.com/v1/payments/payment/PAY-6V591272GY605380ALRCA4DY
[20-01-2019 11:07:32] PayPal\Core\PayPalHttpConnection : INFO: Invalid or no certificate authority found - Retrying using bundled CA certs file
[20-01-2019 11:07:33] PayPal\Core\PayPalHttpConnection : INFO: Response Status 	: 200
[20-01-2019 11:07:34] PayPal\Core\PayPalHttpConnection : INFO: POST https://api.sandbox.paypal.com/v1/payments/payment/PAY-6V591272GY605380ALRCA4DY/execute
[20-01-2019 11:07:34] PayPal\Core\PayPalHttpConnection : INFO: Invalid or no certificate authority found - Retrying using bundled CA certs file
[20-01-2019 11:07:35] PayPal\Core\PayPalHttpConnection : INFO: Response Status 	: 400
[20-01-2019 11:07:35] PayPal\Core\PayPalHttpConnection : ERROR: Got Http response code 400 when accessing https://api.sandbox.paypal.com/v1/payments/payment/PAY-6V591272GY605380ALRCA4DY/execute. {"name":"PAYMENT_ALREADY_DONE","message":"Payment has been done already for this cart.","information_link":"https://developer.paypal.com/docs/api/payments/#errors","debug_id":"91976348672eb"}
[20-01-2019 01:11:05] PayPal\Core\PayPalHttpConnection : INFO: POST https://api.sandbox.paypal.com/v1/oauth2/token
[20-01-2019 01:11:07] PayPal\Core\PayPalHttpConnection : INFO: Invalid or no certificate authority found - Retrying using bundled CA certs file
[20-01-2019 01:11:08] PayPal\Core\PayPalHttpConnection : INFO: Response Status 	: 200
[20-01-2019 01:11:08] PayPal\Core\PayPalHttpConnection : INFO: POST https://api.sandbox.paypal.com/v1/payments/payment
[20-01-2019 01:11:08] PayPal\Core\PayPalHttpConnection : INFO: Invalid or no certificate authority found - Retrying using bundled CA certs file
[20-01-2019 01:11:08] PayPal\Core\PayPalHttpConnection : INFO: Response Status 	: 400
[20-01-2019 01:11:09] PayPal\Core\PayPalHttpConnection : ERROR: Got Http response code 400 when accessing https://api.sandbox.paypal.com/v1/payments/payment. {"name":"VALIDATION_ERROR","details":[{"field":"transactions[0].amount","issue":"Amount cannot be zero"}],"message":"Invalid request - see details","information_link":"https://developer.paypal.com/docs/api/payments/#errors","debug_id":"30e914f547447"}
[20-01-2019 01:19:23] PayPal\Core\PayPalHttpConnection : INFO: POST https://api.sandbox.paypal.com/v1/oauth2/token
[20-01-2019 01:19:24] PayPal\Core\PayPalHttpConnection : INFO: Invalid or no certificate authority found - Retrying using bundled CA certs file
[20-01-2019 01:19:25] PayPal\Core\PayPalHttpConnection : INFO: Response Status 	: 200
[20-01-2019 01:19:25] PayPal\Core\PayPalHttpConnection : INFO: POST https://api.sandbox.paypal.com/v1/payments/payment
[20-01-2019 01:19:25] PayPal\Core\PayPalHttpConnection : INFO: Invalid or no certificate authority found - Retrying using bundled CA certs file
[20-01-2019 01:19:26] PayPal\Core\PayPalHttpConnection : INFO: Response Status 	: 400
[20-01-2019 01:19:26] PayPal\Core\PayPalHttpConnection : ERROR: Got Http response code 400 when accessing https://api.sandbox.paypal.com/v1/payments/payment. {"name":"VALIDATION_ERROR","details":[{"field":"transactions[0].amount","issue":"Amount cannot be zero"}],"message":"Invalid request - see details","information_link":"https://developer.paypal.com/docs/api/payments/#errors","debug_id":"aac21a914142a"}
[20-01-2019 01:19:38] PayPal\Core\PayPalHttpConnection : INFO: POST https://api.sandbox.paypal.com/v1/oauth2/token
[20-01-2019 01:19:40] PayPal\Core\PayPalHttpConnection : INFO: Invalid or no certificate authority found - Retrying using bundled CA certs file
[20-01-2019 01:19:40] PayPal\Core\PayPalHttpConnection : INFO: Response Status 	: 200
[20-01-2019 01:19:40] PayPal\Core\PayPalHttpConnection : INFO: POST https://api.sandbox.paypal.com/v1/payments/payment
[20-01-2019 01:19:40] PayPal\Core\PayPalHttpConnection : INFO: Invalid or no certificate authority found - Retrying using bundled CA certs file
[20-01-2019 01:19:41] PayPal\Core\PayPalHttpConnection : INFO: Response Status 	: 400
[20-01-2019 01:19:41] PayPal\Core\PayPalHttpConnection : ERROR: Got Http response code 400 when accessing https://api.sandbox.paypal.com/v1/payments/payment. {"name":"VALIDATION_ERROR","details":[{"field":"transactions[0].amount","issue":"Amount cannot be zero"}],"message":"Invalid request - see details","information_link":"https://developer.paypal.com/docs/api/payments/#errors","debug_id":"a01dd207c2be7"}
[26-01-2019 07:18:20] PayPal\Core\PayPalHttpConnection : INFO: POST https://api.sandbox.paypal.com/v1/oauth2/token
[26-01-2019 07:18:22] PayPal\Core\PayPalHttpConnection : INFO: Invalid or no certificate authority found - Retrying using bundled CA certs file
[26-01-2019 07:18:24] PayPal\Core\PayPalHttpConnection : INFO: Response Status 	: 200
[26-01-2019 07:18:24] PayPal\Core\PayPalHttpConnection : INFO: POST https://api.sandbox.paypal.com/v1/payments/payment
[26-01-2019 07:18:24] PayPal\Core\PayPalHttpConnection : INFO: Invalid or no certificate authority found - Retrying using bundled CA certs file
[26-01-2019 07:18:25] PayPal\Core\PayPalHttpConnection : INFO: Response Status 	: 201
[26-01-2019 07:19:08] PayPal\Core\PayPalHttpConnection : INFO: POST https://api.sandbox.paypal.com/v1/oauth2/token
[26-01-2019 07:19:09] PayPal\Core\PayPalHttpConnection : INFO: Invalid or no certificate authority found - Retrying using bundled CA certs file
[26-01-2019 07:19:09] PayPal\Core\PayPalHttpConnection : INFO: Response Status 	: 200
[26-01-2019 07:19:09] PayPal\Core\PayPalHttpConnection : INFO: GET https://api.sandbox.paypal.com/v1/payments/payment/PAYID-LRGQNYI4BJ30843PR7410700
[26-01-2019 07:19:09] PayPal\Core\PayPalHttpConnection : INFO: Invalid or no certificate authority found - Retrying using bundled CA certs file
[26-01-2019 07:19:10] PayPal\Core\PayPalHttpConnection : INFO: Response Status 	: 200
[26-01-2019 07:19:11] PayPal\Core\PayPalHttpConnection : INFO: POST https://api.sandbox.paypal.com/v1/payments/payment/PAYID-LRGQNYI4BJ30843PR7410700/execute
[26-01-2019 07:19:11] PayPal\Core\PayPalHttpConnection : INFO: Invalid or no certificate authority found - Retrying using bundled CA certs file
[26-01-2019 07:19:12] PayPal\Core\PayPalHttpConnection : INFO: Response Status 	: 200
[26-01-2019 07:38:35] PayPal\Core\PayPalHttpConnection : INFO: POST https://api.sandbox.paypal.com/v1/oauth2/token
[26-01-2019 07:38:35] PayPal\Core\PayPalHttpConnection : INFO: Invalid or no certificate authority found - Retrying using bundled CA certs file
[26-01-2019 07:38:36] PayPal\Core\PayPalHttpConnection : INFO: Response Status 	: 200
[26-01-2019 07:38:36] PayPal\Core\PayPalHttpConnection : INFO: POST https://api.sandbox.paypal.com/v1/payments/payment
[26-01-2019 07:38:36] PayPal\Core\PayPalHttpConnection : INFO: Invalid or no certificate authority found - Retrying using bundled CA certs file
[26-01-2019 07:38:37] PayPal\Core\PayPalHttpConnection : INFO: Response Status 	: 201
[26-01-2019 07:39:02] PayPal\Core\PayPalHttpConnection : INFO: POST https://api.sandbox.paypal.com/v1/oauth2/token
[26-01-2019 07:39:02] PayPal\Core\PayPalHttpConnection : INFO: Invalid or no certificate authority found - Retrying using bundled CA certs file
[26-01-2019 07:39:02] PayPal\Core\PayPalHttpConnection : INFO: Response Status 	: 200
[26-01-2019 07:39:02] PayPal\Core\PayPalHttpConnection : INFO: GET https://api.sandbox.paypal.com/v1/payments/payment/PAYID-LRGQXHI9UJ37243YD7086933
[26-01-2019 07:39:03] PayPal\Core\PayPalHttpConnection : INFO: Invalid or no certificate authority found - Retrying using bundled CA certs file
[26-01-2019 07:39:03] PayPal\Core\PayPalHttpConnection : INFO: Response Status 	: 200
[26-01-2019 07:39:03] PayPal\Core\PayPalHttpConnection : INFO: POST https://api.sandbox.paypal.com/v1/payments/payment/PAYID-LRGQXHI9UJ37243YD7086933/execute
[26-01-2019 07:39:04] PayPal\Core\PayPalHttpConnection : INFO: Invalid or no certificate authority found - Retrying using bundled CA certs file
[26-01-2019 07:39:05] PayPal\Core\PayPalHttpConnection : INFO: Response Status 	: 200
[09-03-2019 05:35:46] PayPal\Core\PayPalHttpConnection : INFO: POST https://api.sandbox.paypal.com/v1/oauth2/token
[09-03-2019 05:35:47] PayPal\Core\PayPalHttpConnection : INFO: Invalid or no certificate authority found - Retrying using bundled CA certs file
[09-03-2019 05:35:48] PayPal\Core\PayPalHttpConnection : INFO: Response Status 	: 200
[09-03-2019 05:35:48] PayPal\Core\PayPalHttpConnection : INFO: POST https://api.sandbox.paypal.com/v1/payments/payment
[09-03-2019 05:35:48] PayPal\Core\PayPalHttpConnection : INFO: Invalid or no certificate authority found - Retrying using bundled CA certs file
[09-03-2019 05:35:49] PayPal\Core\PayPalHttpConnection : INFO: Response Status 	: 201
[09-03-2019 05:37:58] PayPal\Core\PayPalHttpConnection : INFO: POST https://api.sandbox.paypal.com/v1/oauth2/token
[09-03-2019 05:37:58] PayPal\Core\PayPalHttpConnection : INFO: Invalid or no certificate authority found - Retrying using bundled CA certs file
[09-03-2019 05:37:59] PayPal\Core\PayPalHttpConnection : INFO: Response Status 	: 200
[09-03-2019 05:37:59] PayPal\Core\PayPalHttpConnection : INFO: GET https://api.sandbox.paypal.com/v1/payments/payment/PAYID-LSCE3VQ3UA5937790320754M
[09-03-2019 05:37:59] PayPal\Core\PayPalHttpConnection : INFO: Invalid or no certificate authority found - Retrying using bundled CA certs file
[09-03-2019 05:38:00] PayPal\Core\PayPalHttpConnection : INFO: Response Status 	: 200
[09-03-2019 05:38:00] PayPal\Core\PayPalHttpConnection : INFO: POST https://api.sandbox.paypal.com/v1/payments/payment/PAYID-LSCE3VQ3UA5937790320754M/execute
[09-03-2019 05:38:01] PayPal\Core\PayPalHttpConnection : INFO: Invalid or no certificate authority found - Retrying using bundled CA certs file
[09-03-2019 05:38:03] PayPal\Core\PayPalHttpConnection : INFO: Response Status 	: 200
[09-03-2019 06:29:46] PayPal\Core\PayPalHttpConnection : INFO: POST https://api.sandbox.paypal.com/v1/oauth2/token
[09-03-2019 06:29:47] PayPal\Core\PayPalHttpConnection : INFO: Invalid or no certificate authority found - Retrying using bundled CA certs file
[09-03-2019 06:29:48] PayPal\Core\PayPalHttpConnection : INFO: Response Status 	: 200
[09-03-2019 06:29:48] PayPal\Core\PayPalHttpConnection : INFO: POST https://api.sandbox.paypal.com/v1/payments/payment
[09-03-2019 06:29:48] PayPal\Core\PayPalHttpConnection : INFO: Invalid or no certificate authority found - Retrying using bundled CA certs file
[09-03-2019 06:29:49] PayPal\Core\PayPalHttpConnection : INFO: Response Status 	: 201
[09-03-2019 06:30:19] PayPal\Core\PayPalHttpConnection : INFO: POST https://api.sandbox.paypal.com/v1/oauth2/token
[09-03-2019 06:30:19] PayPal\Core\PayPalHttpConnection : INFO: Invalid or no certificate authority found - Retrying using bundled CA certs file
[09-03-2019 06:30:20] PayPal\Core\PayPalHttpConnection : INFO: Response Status 	: 200
[09-03-2019 06:30:20] PayPal\Core\PayPalHttpConnection : INFO: GET https://api.sandbox.paypal.com/v1/payments/payment/PAYID-LSCFU7Q71P617212C706080F
[09-03-2019 06:30:20] PayPal\Core\PayPalHttpConnection : INFO: Invalid or no certificate authority found - Retrying using bundled CA certs file
[09-03-2019 06:30:21] PayPal\Core\PayPalHttpConnection : INFO: Response Status 	: 200
[09-03-2019 06:30:22] PayPal\Core\PayPalHttpConnection : INFO: POST https://api.sandbox.paypal.com/v1/payments/payment/PAYID-LSCFU7Q71P617212C706080F/execute
[09-03-2019 06:30:22] PayPal\Core\PayPalHttpConnection : INFO: Invalid or no certificate authority found - Retrying using bundled CA certs file
[09-03-2019 06:30:25] PayPal\Core\PayPalHttpConnection : INFO: Response Status 	: 200
